[Licensing::Module] Trying to connect to existing licensing client channel...
[Licensing::IpcConnector] Successfully connected to the License Client on channel: "LicenseClient-HI" at "2026-06-05T03:22:16.0866045Z"
[Licensing::Client] Error: Code 10 while verifying Licensing Client signature (process Id: 38332, path: "C:/Program Files/Unity Hub/UnityLicensingClient_V1/Unity.Licensing.Client.exe")
[Licensing::Module] Error: LicensingClient has failed validation; ignoring
[Licensing::Client] Handshaking with LicensingClient:
  Version:                 1.17.4+4293ba1
  Session Id:              f56d4960ac9b4a3397a1304c46330185
  Correlation Id:          7e697efd0a74d435ab15d7496400bbb6
  External correlation Id: 102390406862430345
  Machine Id:              zJkxCFgOG1fAr50eMiEfMwJViiA=
[Licensing::Module] Successfully connected to LicensingClient on channel: "LicenseClient-HI" (connect: 0.00s, validation: 0.01s, handshake: 0.03s)
[Licensing::IpcConnector] Successfully connected to the License Notification on channel: "LicenseClient-HI-notifications" at "2026-06-05T03:22:16.1241169Z"
[Licensing::Module] Error: Access token is unavailable; failed to update
[Licensing::Client] Successfully updated license
Built from '6000.0/release' branch; Version is '6000.0.0f1 (4ff56b3ea44c) revision 5240171'; Using compiler version '193933522'; Build Type 'Release'
OS: 'Windows 11  (10.0.26100) 64bit Professional' Language: 'zh' Physical Memory: 32603 MB
[Licensing::Client] Successfully resolved entitlements
[Licensing::Module] Serial number assigned to: "15669714620836-UnityPersXXXX"
BatchMode: 0, IsHumanControllingUs: 1, StartBugReporterOnCrash: 1, Is64bit: 1, IsPro: 0

COMMAND LINE ARGUMENTS:
D:\UnityEditors\6000.0.0f1\Editor\Unity.exe
-projectPath
D:\Users\HI\Documents\New project\LittleSoldier3D
-executeMethod
TrainingSceneBuilder.Build
-logFile
D:\Users\HI\Documents\New project\LittleSoldier3D\unity-execute-build.log
Successfully changed project path to: D:\Users\HI\Documents\New project\LittleSoldier3D
D:/Users/HI/Documents/New project/LittleSoldier3D
[UnityMemory] Configuration Parameters - Can be set up in boot.config
    "memorysetup-bucket-allocator-granularity=16"
    "memorysetup-bucket-allocator-bucket-count=8"
    "memorysetup-bucket-allocator-block-size=33554432"
    "memorysetup-bucket-allocator-block-count=8"
    "memorysetup-main-allocator-block-size=16777216"
    "memorysetup-thread-allocator-block-size=16777216"
    "memorysetup-gfx-main-allocator-block-size=16777216"
    "memorysetup-gfx-thread-allocator-block-size=16777216"
    "memorysetup-cache-allocator-block-size=4194304"
    "memorysetup-typetree-allocator-block-size=2097152"
    "memorysetup-profiler-bucket-allocator-granularity=16"
    "memorysetup-profiler-bucket-allocator-bucket-count=8"
    "memorysetup-profiler-bucket-allocator-block-size=33554432"
    "memorysetup-profiler-bucket-allocator-block-count=8"
    "memorysetup-profiler-allocator-block-size=16777216"
    "memorysetup-profiler-editor-allocator-block-size=1048576"
    "memorysetup-temp-allocator-size-main=16777216"
    "memorysetup-job-temp-allocator-block-size=2097152"
    "memorysetup-job-temp-allocator-block-size-background=1048576"
    "memorysetup-job-temp-allocator-reduction-small-platforms=262144"
    "memorysetup-allocator-temp-initial-block-size-main=262144"
    "memorysetup-allocator-temp-initial-block-size-worker=262144"
    "memorysetup-temp-allocator-size-background-worker=32768"
    "memorysetup-temp-allocator-size-job-worker=262144"
    "memorysetup-temp-allocator-size-preload-manager=33554432"
    "memorysetup-temp-allocator-size-nav-mesh-worker=65536"
    "memorysetup-temp-allocator-size-audio-worker=65536"
    "memorysetup-temp-allocator-size-cloud-worker=32768"
    "memorysetup-temp-allocator-size-gi-baking-worker=262144"
    "memorysetup-temp-allocator-size-gi-baking-worker=262144"
    "memorysetup-temp-allocator-size-gi-baking-worker=262144"
    "memorysetup-temp-allocator-size-gi-baking-worker=262144"
    "memorysetup-temp-allocator-size-gi-baking-worker=262144"
    "memorysetup-temp-allocator-size-gfx=262144"
Player connection [24596]  Target information:

Player connection [24596]  * "[IP] 192.168.2.99 [Port] 55504 [Flags] 2 [Guid] 1245386991 [EditorId] 1245386991 [Version] 1048832 [Id] WindowsEditor(7,ÎŇµÄµĄÎ»i2) [Debug] 1 [PackageName] WindowsEditor [ProjectName] Editor" 

Player connection [24596] Host joined multi-casting on [225.0.0.222:54997]...
Player connection [24596] Host joined alternative multi-casting on [225.0.0.222:34997]...
[Package Manager] Connected to IPC stream "Upm-39200" after 0.2 seconds.
Library Redirect Path: Library/
Rebuilding Library because the asset database could not be found!
[Licensing::Client] Successfully resolved entitlements
[Package Manager] Done resolving packages in 1.28 seconds
[Licensing::Client] Successfully resolved entitlement details
[Package Manager] Lock file was modified
[Package Manager] Registered 33 packages:
  Built-in packages:
    com.unity.modules.ai@1.0.0 (location: D:\Users\HI\Documents\New project\LittleSoldier3D\Library\PackageCache\com.unity.modules.ai)
    com.unity.modules.androidjni@1.0.0 (location: D:\Users\HI\Documents\New project\LittleSoldier3D\Library\PackageCache\com.unity.modules.androidjni)
    com.unity.modules.animation@1.0.0 (location: D:\Users\HI\Documents\New project\LittleSoldier3D\Library\PackageCache\com.unity.modules.animation)
    com.unity.modules.assetbundle@1.0.0 (location: D:\Users\HI\Documents\New project\LittleSoldier3D\Library\PackageCache\com.unity.modules.assetbundle)
    com.unity.modules.audio@1.0.0 (location: D:\Users\HI\Documents\New project\LittleSoldier3D\Library\PackageCache\com.unity.modules.audio)
    com.unity.modules.cloth@1.0.0 (location: D:\Users\HI\Documents\New project\LittleSoldier3D\Library\PackageCache\com.unity.modules.cloth)
    com.unity.modules.director@1.0.0 (location: D:\Users\HI\Documents\New project\LittleSoldier3D\Library\PackageCache\com.unity.modules.director)
    com.unity.modules.imageconversion@1.0.0 (location: D:\Users\HI\Documents\New project\LittleSoldier3D\Library\PackageCache\com.unity.modules.imageconversion)
    com.unity.modules.imgui@1.0.0 (location: D:\Users\HI\Documents\New project\LittleSoldier3D\Library\PackageCache\com.unity.modules.imgui)
    com.unity.modules.jsonserialize@1.0.0 (location: D:\Users\HI\Documents\New project\LittleSoldier3D\Library\PackageCache\com.unity.modules.jsonserialize)
    com.unity.modules.particlesystem@1.0.0 (location: D:\Users\HI\Documents\New project\LittleSoldier3D\Library\PackageCache\com.unity.modules.particlesystem)
    com.unity.modules.physics@1.0.0 (location: D:\Users\HI\Documents\New project\LittleSoldier3D\Library\PackageCache\com.unity.modules.physics)
    com.unity.modules.physics2d@1.0.0 (location: D:\Users\HI\Documents\New project\LittleSoldier3D\Library\PackageCache\com.unity.modules.physics2d)
    com.unity.modules.screencapture@1.0.0 (location: D:\Users\HI\Documents\New project\LittleSoldier3D\Library\PackageCache\com.unity.modules.screencapture)
    com.unity.modules.terrain@1.0.0 (location: D:\Users\HI\Documents\New project\LittleSoldier3D\Library\PackageCache\com.unity.modules.terrain)
    com.unity.modules.terrainphysics@1.0.0 (location: D:\Users\HI\Documents\New project\LittleSoldier3D\Library\PackageCache\com.unity.modules.terrainphysics)
    com.unity.modules.tilemap@1.0.0 (location: D:\Users\HI\Documents\New project\LittleSoldier3D\Library\PackageCache\com.unity.modules.tilemap)
    com.unity.modules.ui@1.0.0 (location: D:\Users\HI\Documents\New project\LittleSoldier3D\Library\PackageCache\com.unity.modules.ui)
    com.unity.modules.uielements@1.0.0 (location: D:\Users\HI\Documents\New project\LittleSoldier3D\Library\PackageCache\com.unity.modules.uielements)
    com.unity.modules.umbra@1.0.0 (location: D:\Users\HI\Documents\New project\LittleSoldier3D\Library\PackageCache\com.unity.modules.umbra)
    com.unity.modules.unityanalytics@1.0.0 (location: D:\Users\HI\Documents\New project\LittleSoldier3D\Library\PackageCache\com.unity.modules.unityanalytics)
    com.unity.modules.unitywebrequest@1.0.0 (location: D:\Users\HI\Documents\New project\LittleSoldier3D\Library\PackageCache\com.unity.modules.unitywebrequest)
    com.unity.modules.unitywebrequestassetbundle@1.0.0 (location: D:\Users\HI\Documents\New project\LittleSoldier3D\Library\PackageCache\com.unity.modules.unitywebrequestassetbundle)
    com.unity.modules.unitywebrequestaudio@1.0.0 (location: D:\Users\HI\Documents\New project\LittleSoldier3D\Library\PackageCache\com.unity.modules.unitywebrequestaudio)
    com.unity.modules.unitywebrequesttexture@1.0.0 (location: D:\Users\HI\Documents\New project\LittleSoldier3D\Library\PackageCache\com.unity.modules.unitywebrequesttexture)
    com.unity.modules.unitywebrequestwww@1.0.0 (location: D:\Users\HI\Documents\New project\LittleSoldier3D\Library\PackageCache\com.unity.modules.unitywebrequestwww)
    com.unity.modules.vehicles@1.0.0 (location: D:\Users\HI\Documents\New project\LittleSoldier3D\Library\PackageCache\com.unity.modules.vehicles)
    com.unity.modules.video@1.0.0 (location: D:\Users\HI\Documents\New project\LittleSoldier3D\Library\PackageCache\com.unity.modules.video)
    com.unity.modules.vr@1.0.0 (location: D:\Users\HI\Documents\New project\LittleSoldier3D\Library\PackageCache\com.unity.modules.vr)
    com.unity.modules.wind@1.0.0 (location: D:\Users\HI\Documents\New project\LittleSoldier3D\Library\PackageCache\com.unity.modules.wind)
    com.unity.modules.xr@1.0.0 (location: D:\Users\HI\Documents\New project\LittleSoldier3D\Library\PackageCache\com.unity.modules.xr)
    com.unity.modules.subsystems@1.0.0 (location: D:\Users\HI\Documents\New project\LittleSoldier3D\Library\PackageCache\com.unity.modules.subsystems)
    com.unity.modules.hierarchycore@1.0.0 (location: D:\Users\HI\Documents\New project\LittleSoldier3D\Library\PackageCache\com.unity.modules.hierarchycore)
[PhysX] Initialized MultithreadedTaskDispatcher with 24 workers.
[Subsystems] No new subsystems found in resolved package list.
Package Manager log level set to [2]
[Package Manager] Done registering packages in 0.03 seconds
Refreshing native plugins compatible for Editor in 0.00 ms, found 0 plugins.
Preloading 0 native plugins for Editor in 0.00 ms.
Initialize engine version: 6000.0.0f1 (4ff56b3ea44c)
[Subsystems] Discovering subsystems at path D:/UnityEditors/6000.0.0f1/Editor/Data/Resources/UnitySubsystems
[Subsystems] Discovering subsystems at path D:/Users/HI/Documents/New project/LittleSoldier3D/Assets
kGfxThreadingModeSplitJobs is not supported on Direct3D 11. Reverting to kGfxThreadingModeThreaded instead.
GfxDevice: creating device client; kGfxThreadingModeThreaded
Direct3D:
    Version:  Direct3D 11.0 [level 11.1]
    Renderer: NVIDIA GeForce RTX 3060 (ID=0x2504)
    Vendor:   NVIDIA
    VRAM:     12115 MB
    Driver:   32.0.15.8097
[Licensing::Client] Successfully resolved entitlements
Initialize mono
Mono path[0] = 'D:/UnityEditors/6000.0.0f1/Editor/Data/Managed'
Mono path[1] = 'D:/UnityEditors/6000.0.0f1/Editor/Data/MonoBleedingEdge/lib/mono/unityjit-win32'
Mono config path = 'D:/UnityEditors/6000.0.0f1/Editor/Data/MonoBleedingEdge/etc'
Using monoOptions --debugger-agent=transport=dt_socket,embedding=1,server=y,suspend=n,address=127.0.0.1:56200
Using cacheserver namespaces - metadata:defaultmetadata, artifacts:defaultartifacts
Using cacheserver namespaces - metadata:defaultmetadata, artifacts:defaultartifacts
ImportWorker Server TCP listen port: 0
AcceleratorClientConnectionCallback - disconnected - :0
Begin MonoManager ReloadAssembly
Registering precompiled unity dll's ...
Register platform support module: D:/UnityEditors/6000.0.0f1/Editor/Data/PlaybackEngines/WindowsStandaloneSupport/UnityEditor.WindowsStandalone.Extensions.dll
Registered in 0.001125 seconds.
- Loaded All Assemblies, in  0.250 seconds
Native extension for WindowsStandalone target not found
Mono: successfully reloaded assembly
- Finished resetting the current domain, in  0.257 seconds
Domain Reload Profiling: 507ms
	BeginReloadAssembly (82ms)
		ExecutionOrderSort (0ms)
		DisableScriptedObjects (0ms)
		BackupInstance (0ms)
		ReleaseScriptingObjects (0ms)
		CreateAndSetChildDomain (1ms)
	RebuildCommonClasses (24ms)
	RebuildNativeTypeToScriptingClass (7ms)
	initialDomainReloadingComplete (31ms)
	LoadAllAssembliesAndSetupDomain (105ms)
		LoadAssemblies (82ms)
		RebuildTransferFunctionScriptingTraits (0ms)
		AnalyzeDomain (103ms)
			TypeCache.Refresh (102ms)
				TypeCache.ScanAssembly (93ms)
			BuildScriptInfoCaches (0ms)
			ResolveRequiredComponents (0ms)
	FinalizeReload (257ms)
		ReleaseScriptCaches (0ms)
		RebuildScriptCaches (0ms)
		SetupLoadedEditorAssemblies (223ms)
			LogAssemblyErrors (0ms)
			InitializePlatformSupportModulesInManaged (12ms)
			SetLoadedEditorAssemblies (3ms)
			BeforeProcessingInitializeOnLoad (3ms)
			ProcessInitializeOnLoadAttributes (98ms)
			ProcessInitializeOnLoadMethodAttributes (108ms)
			AfterProcessingInitializeOnLoad (0ms)
			EditorAssembliesLoaded (0ms)
		ExecutionOrderSort2 (0ms)
		AwakeInstancesAfterBackupRestoration (0ms)
[Licensing::Client] Successfully resolved entitlements
Application.AssetDatabase Initial Refresh Start
[ScriptCompilation] Requested script compilation because: Assetdatabase observed changes in script compilation related files
Starting: D:\UnityEditors\6000.0.0f1\Editor\Data\bee_backend.exe --dont-print-to-structured-log --ipc --defer-dag-verification --dagfile="Library/Bee/1900b0aE.dag" --continue-on-failure --profile="Library/Bee/backend1.traceevents" ScriptAssemblies
WorkingDir: D:/Users/HI/Documents/New project/LittleSoldier3D
ExitCode: 4 Duration: 0s24ms
[             ] Require frontend run.  Library/Bee/1900b0aE.dag couldn't be loaded
Starting: D:\UnityEditors\6000.0.0f1\Editor\Data\Tools\netcorerun\netcorerun.exe "D:\UnityEditors\6000.0.0f1\Editor\Data\Tools\BuildPipeline\ScriptCompilationBuildProgram.exe" "Library/Bee/1900b0aE.dag.json" "Library/Bee/1900b0aE-inputdata.json" "Library\Bee\buildprogram0.traceevents"
WorkingDir: D:/Users/HI/Documents/New project/LittleSoldier3D
ExitCode: 0 Duration: 0s151ms
Starting: D:\UnityEditors\6000.0.0f1\Editor\Data\bee_backend.exe --dont-print-to-structured-log --ipc --defer-dag-verification --dagfile="Library/Bee/1900b0aE.dag" --continue-on-failure --dagfilejson="Library\Bee\1900b0aE.dag.json" --profile="Library/Bee/backend2.traceevents" ScriptAssemblies
WorkingDir: D:/Users/HI/Documents/New project/LittleSoldier3D
ExitCode: 0 Duration: 0s997ms
Finished compiling graph: 138 nodes, 518 flattened edges (508 ToBuild, 4 ToUse), maximum node priority 18
[  1/135    0s] MovedFromExtractor Library/Bee/artifacts/mvdfrm/UnityEditor.dll_420976E0D351821C.mvfrm
[  2/135    0s] MovedFromExtractor Library/Bee/artifacts/mvdfrm/UnityEngine.UnityWebRequestWWWModule.dll_EE924B4D0618A2DC.mvfrm
[  3/135    0s] MovedFromExtractor Library/Bee/artifacts/mvdfrm/UnityEngine.UmbraModule.dll_DAF818A627E3B398.mvfrm
[  4/135    0s] MovedFromExtractor Library/Bee/artifacts/mvdfrm/UnityEditor.DiagnosticsModule.dll_9FED98E636A50E36.mvfrm
[  5/135    0s] MovedFromExtractor Library/Bee/artifacts/mvdfrm/UnityEditor.GridAndSnapModule.dll_A9A67F67BA09CB25.mvfrm
[  6/135    0s] MovedFromExtractor Library/Bee/artifacts/mvdfrm/UnityEditor.GraphicsStateCollectionSerializerModule.dll_156C83D3CBD32990.mvfrm
[  7/135    0s] MovedFromExtractor Library/Bee/artifacts/mvdfrm/UnityEditor.AdaptivePerformanceModule.dll_0A4B38E524611B34.mvfrm
[  8/135    0s] MovedFromExtractor Library/Bee/artifacts/mvdfrm/UnityEditor.CoreBusinessMetricsModule.dll_8A36325F4AA84A2E.mvfrm
[  9/135    0s] MovedFromExtractor Library/Bee/artifacts/mvdfrm/UnityEditor.GIModule.dll_7DBE4E83D1F456AC.mvfrm
[ 10/135    0s] MovedFromExtractor Library/Bee/artifacts/mvdfrm/UnityEngine.VRModule.dll_72365BB89FC42D81.mvfrm
[ 11/135    0s] MovedFromExtractor Library/Bee/artifacts/mvdfrm/UnityEditor.GraphViewModule.dll_40BD1AF0CEFF874D.mvfrm
[ 12/135    0s] MovedFromExtractor Library/Bee/artifacts/mvdfrm/UnityEngine.UnityWebRequestModule.dll_5F613361445CF5DF.mvfrm
[ 13/135    0s] MovedFromExtractor Library/Bee/artifacts/mvdfrm/UnityEngine.VFXModule.dll_F2C2C91457B2BE57.mvfrm
[ 14/135    0s] MovedFromExtractor Library/Bee/artifacts/mvdfrm/UnityEngine.VirtualTexturingModule.dll_9E02F94B95B473F2.mvfrm
[ 15/135    0s] MovedFromExtractor Library/Bee/artifacts/mvdfrm/UnityEngine.UnityWebRequestTextureModule.dll_5FCD04AE86A886E0.mvfrm
[ 16/135    0s] MovedFromExtractor Library/Bee/artifacts/mvdfrm/UnityEngine.XRModule.dll_A4F51EBD28FE7ADF.mvfrm
[ 17/135    0s] MovedFromExtractor Library/Bee/artifacts/mvdfrm/UnityEngine.VideoModule.dll_852CF0F85D4F23CA.mvfrm
[ 18/135    0s] MovedFromExtractor Library/Bee/artifacts/mvdfrm/UnityEngine.UnityWebRequestAudioModule.dll_FBD4FC123497BDAB.mvfrm
[ 19/135    0s] MovedFromExtractor Library/Bee/artifacts/mvdfrm/UnityEditor.EditorToolbarModule.dll_50E09D0D066116B8.mvfrm
[ 20/135    0s] MovedFromExtractor Library/Bee/artifacts/mvdfrm/UnityEditor.BuildProfileModule.dll_3ED59A486EC7FD45.mvfrm
[ 21/135    0s] MovedFromExtractor Library/Bee/artifacts/mvdfrm/UnityEngine.WindModule.dll_A55B5AE6855488BD.mvfrm
[ 22/135    0s] MovedFromExtractor Library/Bee/artifacts/mvdfrm/UnityEditor.CoreModule.dll_0BEBAC6B4C189F29.mvfrm
[ 23/135    0s] MovedFromExtractor Library/Bee/artifacts/mvdfrm/UnityEngine.VehiclesModule.dll_0F0E5C10FE781D0C.mvfrm
[ 24/135    0s] MovedFromExtractor Library/Bee/artifacts/mvdfrm/UnityEditor.DeviceSimulatorModule.dll_DC236B95478895E8.mvfrm
[ 25/135    0s] MovedFromExtractor Library/Bee/artifacts/mvdfrm/UnityEngine.UnityTestProtocolModule.dll_459B0646AADB524E.mvfrm
[ 26/135    0s] MovedFromExtractor Library/Bee/artifacts/mvdfrm/UnityEngine.UnityConnectModule.dll_276F2BCD8E33E30A.mvfrm
[ 27/135    0s] MovedFromExtractor Library/Bee/artifacts/mvdfrm/UnityEngine.UnityWebRequestAssetBundleModule.dll_561876DF76CB6347.mvfrm
[ 28/135    0s] MovedFromExtractor Library/Bee/artifacts/mvdfrm/UnityEngine.UnityAnalyticsModule.dll_56E5310D38AD37F6.mvfrm
[ 29/135    0s] MovedFromExtractor Library/Bee/artifacts/mvdfrm/UnityEngine.UnityAnalyticsCommonModule.dll_1F176577C8159171.mvfrm
[ 30/135    0s] MovedFromExtractor Library/Bee/artifacts/mvdfrm/UnityEngine.UIModule.dll_1F643532FE09A809.mvfrm
[ 31/135    0s] MovedFromExtractor Library/Bee/artifacts/mvdfrm/UnityEngine.TextRenderingModule.dll_4A64222DD0A2F56E.mvfrm
[ 32/135    0s] MovedFromExtractor Library/Bee/artifacts/mvdfrm/UnityEngine.UnityCurlModule.dll_425F384B19704DE0.mvfrm
[ 33/135    0s] MovedFromExtractor Library/Bee/artifacts/mvdfrm/UnityEditor.AccessibilityModule.dll_1AE4873A8CCB6568.mvfrm
[ 34/135    0s] MovedFromExtractor Library/Bee/artifacts/mvdfrm/UnityEngine.TextCoreTextEngineModule.dll_23D005F11658E670.mvfrm
[ 35/135    0s] MovedFromExtractor Library/Bee/artifacts/mvdfrm/UnityEngine.TerrainPhysicsModule.dll_37C06916A5C8E087.mvfrm
[ 36/135    0s] MovedFromExtractor Library/Bee/artifacts/mvdfrm/UnityEngine.TerrainModule.dll_EA01F36DFFC2A284.mvfrm
[ 37/135    0s] MovedFromExtractor Library/Bee/artifacts/mvdfrm/UnityEngine.TextCoreFontEngineModule.dll_DBE7CF7F86D52D52.mvfrm
[ 38/135    0s] MovedFromExtractor Library/Bee/artifacts/mvdfrm/UnityEngine.SubstanceModule.dll_A08298B34437113F.mvfrm
[ 39/135    0s] MovedFromExtractor Library/Bee/artifacts/mvdfrm/UnityEngine.TLSModule.dll_71E430A5814554EA.mvfrm
[ 40/135    0s] MovedFromExtractor Library/Bee/artifacts/mvdfrm/UnityEngine.SubsystemsModule.dll_2CE3F3CC23D60519.mvfrm
[ 41/135    0s] MovedFromExtractor Library/Bee/artifacts/mvdfrm/UnityEngine.StreamingModule.dll_C3D78469F8E41331.mvfrm
[ 42/135    0s] MovedFromExtractor Library/Bee/artifacts/mvdfrm/UnityEngine.TilemapModule.dll_88FE5AEF177F838D.mvfrm
[ 43/135    0s] MovedFromExtractor Library/Bee/artifacts/mvdfrm/UnityEngine.SpriteShapeModule.dll_88477A3FA784F78B.mvfrm
[ 44/135    0s] MovedFromExtractor Library/Bee/artifacts/mvdfrm/UnityEngine.UIElementsModule.dll_3122553427024110.mvfrm
[ 45/135    0s] MovedFromExtractor Library/Bee/artifacts/mvdfrm/UnityEngine.SharedInternalsModule.dll_D1D36A8CB09656B0.mvfrm
[ 46/135    0s] MovedFromExtractor Library/Bee/artifacts/mvdfrm/UnityEngine.ScreenCaptureModule.dll_2124B023196B7579.mvfrm
[ 47/135    0s] MovedFromExtractor Library/Bee/artifacts/mvdfrm/UnityEngine.SpriteMaskModule.dll_C2368D6A558E1D06.mvfrm
[ 48/135    0s] MovedFromExtractor Library/Bee/artifacts/mvdfrm/UnityEngine.RuntimeInitializeOnLoadManagerInitializerModule.dll_9B5DEECEE481D451.mvfrm
[ 49/135    0s] MovedFromExtractor Library/Bee/artifacts/mvdfrm/UnityEngine.PerformanceReportingModule.dll_83D8A833AE2CF313.mvfrm
[ 50/135    0s] MovedFromExtractor Library/Bee/artifacts/mvdfrm/UnityEngine.LocalizationModule.dll_F7F8E726DCAFA81E.mvfrm
[ 51/135    0s] MovedFromExtractor Library/Bee/artifacts/mvdfrm/UnityEngine.Physics2DModule.dll_5BE8870A4A595388.mvfrm
[ 52/135    0s] MovedFromExtractor Library/Bee/artifacts/mvdfrm/UnityEngine.PhysicsModule.dll_CFBB77FF2A045996.mvfrm
[ 53/135    0s] MovedFromExtractor Library/Bee/artifacts/mvdfrm/UnityEngine.PropertiesModule.dll_06455A18A709EBC8.mvfrm
[ 54/135    0s] MovedFromExtractor Library/Bee/artifacts/mvdfrm/UnityEngine.MultiplayerModule.dll_EE8E6971AAAA4CF9.mvfrm
[ 55/135    0s] MovedFromExtractor Library/Bee/artifacts/mvdfrm/UnityEngine.MarshallingModule.dll_174EEB79D60AECD3.mvfrm
[ 56/135    0s] MovedFromExtractor Library/Bee/artifacts/mvdfrm/UnityEngine.ParticleSystemModule.dll_3745C0438C85E5FA.mvfrm
[ 57/135    0s] MovedFromExtractor Library/Bee/artifacts/mvdfrm/UnityEngine.HotReloadModule.dll_908B551F848F7775.mvfrm
[ 58/135    0s] MovedFromExtractor Library/Bee/artifacts/mvdfrm/UnityEngine.IMGUIModule.dll_98830BF460EE9C06.mvfrm
[ 59/135    0s] MovedFromExtractor Library/Bee/artifacts/mvdfrm/UnityEngine.InputModule.dll_C699343E10F52CC9.mvfrm
[ 60/135    0s] MovedFromExtractor Library/Bee/artifacts/mvdfrm/UnityEngine.InputForUIModule.dll_DBBC74F3943F2448.mvfrm
[ 61/135    0s] MovedFromExtractor Library/Bee/artifacts/mvdfrm/UnityEngine.ImageConversionModule.dll_4DC22BB739685B60.mvfrm
[ 62/135    0s] MovedFromExtractor Library/Bee/artifacts/mvdfrm/UnityEngine.JSONSerializeModule.dll_073D029E04FF4917.mvfrm
[ 63/135    0s] MovedFromExtractor Library/Bee/artifacts/mvdfrm/UnityEngine.InputLegacyModule.dll_002B680389D47572.mvfrm
[ 64/135    0s] MovedFromExtractor Library/Bee/artifacts/mvdfrm/UnityEngine.HierarchyCoreModule.dll_1E40163C74714183.mvfrm
[ 65/135    0s] MovedFromExtractor Library/Bee/artifacts/mvdfrm/UnityEngine.GraphicsStateCollectionSerializerModule.dll_1E6050C398D272F5.mvfrm
[ 66/135    0s] MovedFromExtractor Library/Bee/artifacts/mvdfrm/UnityEngine.GIModule.dll_BC2CE0133D718A77.mvfrm
[ 67/135    0s] MovedFromExtractor Library/Bee/artifacts/mvdfrm/UnityEngine.GridModule.dll_0C7D9BAC0C72A04B.mvfrm
[ 68/135    0s] MovedFromExtractor Library/Bee/artifacts/mvdfrm/UnityEngine.GameCenterModule.dll_D90A1ADA341E878C.mvfrm
[ 69/135    0s] MovedFromExtractor Library/Bee/artifacts/mvdfrm/UnityEngine.dll_74ADBDB931C50F01.mvfrm
[ 70/135    0s] MovedFromExtractor Library/Bee/artifacts/mvdfrm/UnityEngine.DSPGraphModule.dll_9C9CC3FAF6AF1E92.mvfrm
[ 71/135    0s] MovedFromExtractor Library/Bee/artifacts/mvdfrm/UnityEngine.DirectorModule.dll_974B6291844E4D71.mvfrm
[ 72/135    0s] MovedFromExtractor Library/Bee/artifacts/mvdfrm/UnityEngine.CrashReportingModule.dll_E43376F71E745A6C.mvfrm
[ 73/135    0s] MovedFromExtractor Library/Bee/artifacts/mvdfrm/UnityEngine.ContentLoadModule.dll_07FCA625C065676E.mvfrm
[ 74/135    0s] MovedFromExtractor Library/Bee/artifacts/mvdfrm/UnityEngine.CoreModule.dll_2F0C7FBDF41E0A54.mvfrm
[ 75/135    0s] MovedFromExtractor Library/Bee/artifacts/mvdfrm/UnityEngine.ClusterInputModule.dll_B9AC1CD44533B525.mvfrm
[ 76/135    0s] MovedFromExtractor Library/Bee/artifacts/mvdfrm/UnityEngine.ClusterRendererModule.dll_E1D02E06B743A36C.mvfrm
[ 77/135    0s] MovedFromExtractor Library/Bee/artifacts/mvdfrm/UnityEngine.ClothModule.dll_C70BC98874D9E709.mvfrm
[ 78/135    0s] MovedFromExtractor Library/Bee/artifacts/mvdfrm/UnityEngine.AudioModule.dll_60236C8D9ABD0825.mvfrm
[ 79/135    0s] MovedFromExtractor Library/Bee/artifacts/mvdfrm/UnityEngine.AssetBundleModule.dll_6EE64CE4F1E2BF81.mvfrm
[ 80/135    0s] MovedFromExtractor Library/Bee/artifacts/mvdfrm/UnityEngine.AndroidJNIModule.dll_AEBCD0BF6DDD969B.mvfrm
[ 81/135    0s] MovedFromExtractor Library/Bee/artifacts/mvdfrm/UnityEngine.ARModule.dll_DD635C08FEE00126.mvfrm
[ 82/135    0s] MovedFromExtractor Library/Bee/artifacts/mvdfrm/UnityEngine.AnimationModule.dll_0F429719A95C5BF3.mvfrm
[ 83/135    0s] MovedFromExtractor Library/Bee/artifacts/mvdfrm/UnityEditor.VideoModule.dll_BF0034942BD1F325.mvfrm
[ 84/135    0s] MovedFromExtractor Library/Bee/artifacts/mvdfrm/UnityEngine.AIModule.dll_23F09705A1C2A25D.mvfrm
[ 85/135    0s] MovedFromExtractor Library/Bee/artifacts/mvdfrm/UnityEditor.XRModule.dll_66868D2DBD814714.mvfrm
[ 86/135    0s] MovedFromExtractor Library/Bee/artifacts/mvdfrm/UnityEditor.UnityConnectModule.dll_3A0FA7BE93ABE25F.mvfrm
[ 87/135    0s] MovedFromExtractor Library/Bee/artifacts/mvdfrm/UnityEditor.UmbraModule.dll_14CB5C41F66682F3.mvfrm
[ 88/135    0s] MovedFromExtractor Library/Bee/artifacts/mvdfrm/UnityEditor.UIBuilderModule.dll_9545C80D41B80081.mvfrm
[ 89/135    0s] MovedFromExtractor Library/Bee/artifacts/mvdfrm/UnityEditor.VFXModule.dll_E6A126C0E802B052.mvfrm
[ 90/135    0s] MovedFromExtractor Library/Bee/artifacts/mvdfrm/UnityEditor.UIElementsSamplesModule.dll_89D8505450DFFCF8.mvfrm
[ 91/135    0s] WriteText Library/Bee/artifacts/1900b0aE.dag/Assembly-CSharp.rsp2
[ 92/135    0s] WriteText Library/Bee/artifacts/1900b0aE.dag/Assembly-CSharp.UnityAdditionalFile.txt
[ 93/135    0s] WriteText Library/Bee/artifacts/1900b0aE.dag/Assembly-CSharp.dll.mvfrm.rsp
[ 94/135    0s] WriteText Library/Bee/artifacts/1900b0aE.dag/Assembly-CSharp.rsp
[ 95/135    0s] MovedFromExtractor Library/Bee/artifacts/mvdfrm/UnityEditor.UIElementsModule.dll_3073E7EC24BE27C5.mvfrm
[ 96/135    0s] MovedFromExtractor Library/Bee/artifacts/mvdfrm/UnityEditor.UIAutomationModule.dll_EF7689390B3BC605.mvfrm
[ 97/135    0s] MovedFromExtractor Library/Bee/artifacts/mvdfrm/UnityEditor.TreeModule.dll_6997A179D3DE3468.mvfrm
[ 98/135    0s] MovedFromExtractor Library/Bee/artifacts/mvdfrm/UnityEditor.TilemapModule.dll_9683A244B2709C48.mvfrm
[ 99/135    0s] MovedFromExtractor Library/Bee/artifacts/mvdfrm/UnityEditor.TextRenderingModule.dll_BE23300657AA7249.mvfrm
[100/135    0s] WriteText Library/Bee/artifacts/1900b0aE.dag/Assembly-CSharp-Editor.rsp2
[101/135    0s] WriteText Library/Bee/artifacts/1900b0aE.dag/Assembly-CSharp-Editor.UnityAdditionalFile.txt
[102/135    0s] WriteText Library/Bee/artifacts/1900b0aE.dag/Assembly-CSharp-Editor.dll.mvfrm.rsp
[103/135    0s] WriteText Library/Bee/artifacts/1900b0aE.dag/Assembly-CSharp-Editor.rsp
[104/135    0s] MovedFromExtractor Library/Bee/artifacts/mvdfrm/UnityEditor.TextCoreTextEngineModule.dll_A5708A9E035B27A5.mvfrm
[105/135    0s] MovedFromExtractor Library/Bee/artifacts/mvdfrm/UnityEditor.SpriteShapeModule.dll_8281AAB0954AE706.mvfrm
[106/135    0s] MovedFromExtractor Library/Bee/artifacts/mvdfrm/UnityEditor.TextCoreFontEngineModule.dll_5D88542C73D76E87.mvfrm
[107/135    0s] MovedFromExtractor Library/Bee/artifacts/mvdfrm/UnityEditor.SubstanceModule.dll_EA9CA7CA5EB75F5A.mvfrm
[108/135    0s] MovedFromExtractor Library/Bee/artifacts/mvdfrm/UnityEditor.SpriteMaskModule.dll_C1882022534A03BB.mvfrm
[109/135    0s] MovedFromExtractor Library/Bee/artifacts/mvdfrm/UnityEditor.ShaderFoundryModule.dll_B35FDE0E27FD3D7E.mvfrm
[110/135    0s] MovedFromExtractor Library/Bee/artifacts/mvdfrm/UnityEditor.TerrainModule.dll_F7873AC39AB3BB3F.mvfrm
[111/135    0s] MovedFromExtractor Library/Bee/artifacts/mvdfrm/UnityEditor.PropertiesModule.dll_0596ECD0A4C5D27D.mvfrm
[112/135    0s] MovedFromExtractor Library/Bee/artifacts/mvdfrm/UnityEditor.SafeModeModule.dll_9C34A011008375EA.mvfrm
[113/135    0s] MovedFromExtractor Library/Bee/artifacts/mvdfrm/UnityEditor.SketchUpModule.dll_844985614BB51201.mvfrm
[114/135    0s] MovedFromExtractor Library/Bee/artifacts/mvdfrm/UnityEditor.SceneViewModule.dll_7F6CFDF8C422545B.mvfrm
[115/135    0s] MovedFromExtractor Library/Bee/artifacts/mvdfrm/UnityEditor.QuickSearchModule.dll_2AFD19F38F7C0A8F.mvfrm
[116/135    0s] MovedFromExtractor Library/Bee/artifacts/mvdfrm/UnityEditor.SceneTemplateModule.dll_74800DCB054DC0F0.mvfrm
[117/135    0s] MovedFromExtractor Library/Bee/artifacts/mvdfrm/UnityEditor.PresetsUIModule.dll_FC2353D2D157DF52.mvfrm
[118/135    0s] MovedFromExtractor Library/Bee/artifacts/mvdfrm/UnityEditor.Physics2DModule.dll_A602962164D9A1A3.mvfrm
[119/135    0s] MovedFromExtractor Library/Bee/artifacts/mvdfrm/UnityEditor.PhysicsModule.dll_DD40BF54C4F57251.mvfrm
[120/135    0s] MovedFromExtractor Library/Bee/artifacts/mvdfrm/UnityEditor.GridModule.dll_E95CC859646D3520.mvfrm
[121/135    0s] MovedFromExtractor Library/Bee/artifacts/mvdfrm/UnityEngine.NVIDIAModule.dll_0D7F6A82BE8E9140.mvfrm
[122/135    0s] MovedFromExtractor Library/Bee/artifacts/mvdfrm/UnityEditor.MultiplayerModule.dll_E8C899E298703C74.mvfrm
[123/135    0s] MovedFromExtractor Library/Bee/artifacts/mvdfrm/UnityEditor.WindowsStandalone.Extensions.dll_63D4A900BBF92607.mvfrm
[124/135    0s] MovedFromExtractor Library/Bee/artifacts/mvdfrm/UnityEngine.AMDModule.dll_73546D405A14D997.mvfrm
[125/135    0s] MovedFromExtractor Library/Bee/artifacts/mvdfrm/UnityEngine.AccessibilityModule.dll_A725796205C3E88D.mvfrm
[126/135    0s] MovedFromExtractor Library/Bee/artifacts/mvdfrm/UnityEditor.Graphs.dll_C97F8FCB5294C05B.mvfrm
[127/135    0s] MovedFromExtractor-Combine Library/Bee/artifacts/1900b0aE.dag/Assembly-CSharp.dll.mvfrm
[128/135    0s] MovedFromExtractor-Combine Library/Bee/artifacts/1900b0aE.dag/Assembly-CSharp-Editor.dll.mvfrm
[129/135    0s] Csc Library/Bee/artifacts/1900b0aE.dag/Assembly-CSharp.dll (+2 others)
[130/135    0s] CopyFiles Library/ScriptAssemblies/Assembly-CSharp.pdb
[131/135    0s] CopyFiles Library/ScriptAssemblies/Assembly-CSharp.dll
[132/135    0s] Csc Library/Bee/artifacts/1900b0aE.dag/Assembly-CSharp-Editor.dll (+2 others)
[133/135    0s] CopyFiles Library/ScriptAssemblies/Assembly-CSharp-Editor.pdb
[134/135    0s] CopyFiles Library/ScriptAssemblies/Assembly-CSharp-Editor.dll
*** Tundra build success (0.98 seconds), 134 items updated, 135 evaluated
AssetDatabase: script compilation time: 1.459003s
Begin MonoManager ReloadAssembly
- Loaded All Assemblies, in  0.528 seconds
Start importing Assets using Guid(00000000000000001000000000000000) (DefaultImporter)[PhysX] Initialized MultithreadedTaskDispatcher with 24 workers.
 -> (artifact id: '8cf0c2da124d890d5d1b859dcbaf4e67') in 0.014515 seconds
Start importing ProjectSettings/InputManager.asset using Guid(00000000000000002000000000000000) (LibraryAssetImporter)[PhysX] Initialized MultithreadedTaskDispatcher with 24 workers.
 -> (artifact id: '3d278bdfa729973ecf92c670ca181c88') in 0.0011542 seconds
Start importing ProjectSettings/TagManager.asset using Guid(00000000000000003000000000000000) (LibraryAssetImporter)[PhysX] Initialized MultithreadedTaskDispatcher with 24 workers.
 -> (artifact id: '4aa03ef27a83f311e598313a3ec2fbc3') in 0.0007399 seconds
Start importing ProjectSettings/ProjectSettings.asset using Guid(00000000000000004000000000000000) (LibraryAssetImporter)[PhysX] Initialized MultithreadedTaskDispatcher with 24 workers.
 -> (artifact id: 'd0b2a3a01bc90692fe13a0dc77bc00b7') in 0.0012631 seconds
Start importing ProjectSettings/AudioManager.asset using Guid(00000000000000006000000000000000) (LibraryAssetImporter)[PhysX] Initialized MultithreadedTaskDispatcher with 24 workers.
 -> (artifact id: '22ffb3fe371a5950e3f1d63c04f3be40') in 0.0007076 seconds
Start importing ProjectSettings/TimeManager.asset using Guid(00000000000000007000000000000000) (LibraryAssetImporter)[PhysX] Initialized MultithreadedTaskDispatcher with 24 workers.
 -> (artifact id: 'fc4141a52f263d74d5a55bfa84969fb5') in 0.0007231 seconds
Start importing ProjectSettings/DynamicsManager.asset using Guid(00000000000000008000000000000000) (LibraryAssetImporter)[PhysX] Initialized MultithreadedTaskDispatcher with 24 workers.
 -> (artifact id: '72824a257b85db412f4e1bf891189ce0') in 0.0007418 seconds
Start importing ProjectSettings/QualitySettings.asset using Guid(00000000000000009000000000000000) (LibraryAssetImporter)[PhysX] Initialized MultithreadedTaskDispatcher with 24 workers.
 -> (artifact id: 'd9d478cc5e4a5b7a0ab2097354f200f8') in 0.0011747 seconds
Start importing ProjectSettings/EditorBuildSettings.asset using Guid(0000000000000000b000000000000000) (LibraryAssetImporter)[PhysX] Initialized MultithreadedTaskDispatcher with 24 workers.
 -> (artifact id: '1923232d45cb936aef47cec131f33975') in 0.0006712 seconds
Start importing ProjectSettings/EditorSettings.asset using Guid(0000000000000000c000000000000000) (LibraryAssetImporter)[PhysX] Initialized MultithreadedTaskDispatcher with 24 workers.
 -> (artifact id: '2a9663ca2e7b3821ff63903bf19fef74') in 0.0006501 seconds
Start importing ProjectSettings/NavMeshAreas.asset using Guid(00000000000000004100000000000000) (LibraryAssetImporter)[PhysX] Initialized MultithreadedTaskDispatcher with 24 workers.
 -> (artifact id: '4ba0a6bb5cc18b1619eb3b3f4ce570d1') in 0.00077 seconds
Start importing ProjectSettings/Physics2DSettings.asset using Guid(00000000000000005100000000000000) (LibraryAssetImporter)[PhysX] Initialized MultithreadedTaskDispatcher with 24 workers.
 -> (artifact id: '809be7c46ffbb9ac74baf8b8eec05fb3') in 0.0016516 seconds
Start importing ProjectSettings/GraphicsSettings.asset using Guid(00000000000000006100000000000000) (LibraryAssetImporter)[PhysX] Initialized MultithreadedTaskDispatcher with 24 workers.
 -> (artifact id: '73a0d0504a18325c463e244f56ec4944') in 0.000724 seconds
Start importing ProjectSettings/ClusterInputManager.asset using Guid(00000000000000007100000000000000) (LibraryAssetImporter)[PhysX] Initialized MultithreadedTaskDispatcher with 24 workers.
 -> (artifact id: '5a028a71a6163b7bc9a46219c48662ec') in 0.0007642 seconds
Start importing ProjectSettings/UnityConnectSettings.asset using Guid(0000000000000000a100000000000000) (LibraryAssetImporter)[PhysX] Initialized MultithreadedTaskDispatcher with 24 workers.
 -> (artifact id: '8277d23a0264aed63c0c1f77e8749aad') in 0.0006445 seconds
Start importing ProjectSettings/PresetManager.asset using Guid(0000000000000000b100000000000000) (LibraryAssetImporter)[PhysX] Initialized MultithreadedTaskDispatcher with 24 workers.
 -> (artifact id: '669bd2cb5cdf99ef516d1350fa42393e') in 0.0006055 seconds
Start importing ProjectSettings/VFXManager.asset using Guid(0000000000000000c100000000000000) (LibraryAssetImporter)[PhysX] Initialized MultithreadedTaskDispatcher with 24 workers.
 -> (artifact id: 'd96b989647555359bde1f89c35e57424') in 0.0006765 seconds
Start importing ProjectSettings/VersionControlSettings.asset using Guid(0000000000000000d100000000000000) (LibraryAssetImporter)[PhysX] Initialized MultithreadedTaskDispatcher with 24 workers.
 -> (artifact id: 'b89f810c452b248c014f182ae5caa680') in 0.0007201 seconds
Start importing ProjectSettings/MemorySettings.asset using Guid(0000000000000000f100000000000000) (LibraryAssetImporter)[PhysX] Initialized MultithreadedTaskDispatcher with 24 workers.
 -> (artifact id: '19f032dc933bd79e61da5c81f7ddd1ac') in 0.0006621 seconds
Start importing ProjectSettings/MultiplayerManager.asset using Guid(00000000000000000200000000000000) (LibraryAssetImporter)[PhysX] Initialized MultithreadedTaskDispatcher with 24 workers.
 -> (artifact id: '2f864bba7a58beddb6fbf79980c9a838') in 0.0012541 seconds
Start importing Library/BuildInstructions using Guid(00000000000000002300000000000000) (DefaultImporter)[PhysX] Initialized MultithreadedTaskDispatcher with 24 workers.
 -> (artifact id: '1bf145b6d04826e909660d079764b43f') in 0.0002708 seconds
Start importing Assets/Editor using Guid(10c16c2f9c91d7f45a1ebc479f18a800) (DefaultImporter)[PhysX] Initialized MultithreadedTaskDispatcher with 24 workers.
 -> (artifact id: '47c870decda47eb7616ee9575247c939') in 0.0050101 seconds
Start importing Packages/com.unity.modules.imgui using Guid(c060426bfd6e82575228df6656368eaa) (DefaultImporter)[PhysX] Initialized MultithreadedTaskDispatcher with 24 workers.
 -> (artifact id: 'b0b5767b8e12f56be6231993c152e581') in 0.0003444 seconds
Start importing Packages/com.unity.modules.animation using Guid(1158e311a3101950348dcecb1bebc42d) (DefaultImporter)[PhysX] Initialized MultithreadedTaskDispatcher with 24 workers.
 -> (artifact id: 'f1d242cab27c31feecd6aeaf5497eca8') in 0.00026 seconds
Start importing Packages/com.unity.modules.xr using Guid(515638b803bef8599dbd6d5c8bdaa53e) (DefaultImporter)[PhysX] Initialized MultithreadedTaskDispatcher with 24 workers.
 -> (artifact id: '5f8e1bad3cc7878a9146534c0dc18cbf') in 0.0002418 seconds
Start importing Packages/com.unity.modules.assetbundle using Guid(b219c86ce508e478367c0a46e1aa9fe4) (DefaultImporter)[PhysX] Initialized MultithreadedTaskDispatcher with 24 workers.
 -> (artifact id: 'eb57753d5c9786f848aeb05d73b7b10e') in 0.0003229 seconds
Start importing Packages/com.unity.modules.screencapture using Guid(5469ef0820152a4ae45d400fdc4626e4) (DefaultImporter)[PhysX] Initialized MultithreadedTaskDispatcher with 24 workers.
 -> (artifact id: '67d8ad096239c7b7ad267404ed9210ef') in 0.0002923 seconds
Start importing Assets/Scripts using Guid(b49efd638aaa0d349a0416f12dbc16ec) (DefaultImporter)[PhysX] Initialized MultithreadedTaskDispatcher with 24 workers.
 -> (artifact id: '9c0b9298af8154100d9aeb06cd3f991f') in 0.004797 seconds
Start importing Packages/com.unity.modules.cloth using Guid(c4df1124e2787ee0c8d1a911de17ee73) (DefaultImporter)[PhysX] Initialized MultithreadedTaskDispatcher with 24 workers.
 -> (artifact id: 'ccd5bad36ef9b23c13b577bf1d98f50a') in 0.0004024 seconds
Start importing Packages/com.unity.modules.imageconversion using Guid(850c54ee0b9e1aa740b1c67792eb1f26) (DefaultImporter)[PhysX] Initialized MultithreadedTaskDispatcher with 24 workers.
 -> (artifact id: '13455c9cf9815e4b00fb3f5d494940a1') in 0.0002741 seconds
Start importing Packages/com.unity.modules.terrainphysics using Guid(95f85adeda79e994f011eb2152cf4fc9) (DefaultImporter)[PhysX] Initialized MultithreadedTaskDispatcher with 24 workers.
 -> (artifact id: 'c2ff4ae540f9a1ee9d157bb41dc517fb') in 0.0002589 seconds
Start importing Packages/com.unity.modules.unitywebrequest using Guid(c522a644a29fcab2eaf63298c118a65b) (DefaultImporter)[PhysX] Initialized MultithreadedTaskDispatcher with 24 workers.
 -> (artifact id: '98761b32e7ec33626295ec47bef1e024') in 0.0002432 seconds
Start importing Packages/com.unity.modules.unitywebrequestassetbundle using Guid(d5f0b0adc6826e9dd3b72e292e8438be) (DefaultImporter)[PhysX] Initialized MultithreadedTaskDispatcher with 24 workers.
 -> (artifact id: 'a77c28e7e098e5bfeeb13547eb6e60fe') in 0.0002408 seconds
Start importing Packages/com.unity.modules.subsystems using Guid(56b94a5b6990c879bb0f057719d1064b) (DefaultImporter)[PhysX] Initialized MultithreadedTaskDispatcher with 24 workers.
 -> (artifact id: 'aa3d0cdf643afd57e3e35f1ec1520074') in 0.0002574 seconds
Start importing Packages/com.unity.modules.unityanalytics using Guid(d6c6a000a805f00649b36b542e8426c2) (DefaultImporter)[PhysX] Initialized MultithreadedTaskDispatcher with 24 workers.
 -> (artifact id: '9cb2e92914472ac01415381ec5673081') in 0.000231 seconds
Start importing Packages/com.unity.modules.physics using Guid(d6db7caf2e852b75ebb9c6098418179c) (DefaultImporter)[PhysX] Initialized MultithreadedTaskDispatcher with 24 workers.
 -> (artifact id: '92e94c36fbde5b97a9bdd8cd2356f7e2') in 0.0002483 seconds
Start importing Packages/com.unity.modules.vr using Guid(178008567c08e6d84014fa87825d10bb) (DefaultImporter)[PhysX] Initialized MultithreadedTaskDispatcher with 24 workers.
 -> (artifact id: '93d83921bbe7fba42ef8aeb556b982cc') in 0.0002303 seconds
Start importing Packages/com.unity.modules.physics2d using Guid(376c84ea405e0f2b80562c23bb977216) (DefaultImporter)[PhysX] Initialized MultithreadedTaskDispatcher with 24 workers.
 -> (artifact id: 'e3161749d5e3188a9c163a0c45554d80') in 0.0002244 seconds
Start importing Packages/com.unity.modules.wind using Guid(b77b1ad9c05af0412725856c6c53b037) (DefaultImporter)[PhysX] Initialized MultithreadedTaskDispatcher with 24 workers.
 -> (artifact id: 'fb5c26c110c0644acba8d07bdf59f087') in 0.0002241 seconds
Start importing Packages/com.unity.modules.uielements using Guid(2808ba6bccb2478ec9c7209d8bf1f3cc) (DefaultImporter)[PhysX] Initialized MultithreadedTaskDispatcher with 24 workers.
 -> (artifact id: '9a3acfe2ae9dc41482a003c8bae8b3bb') in 0.0002576 seconds
Start importing Packages/com.unity.modules.unitywebrequestaudio using Guid(38e3a8976f0b9c586b6dfbcef4e4066c) (DefaultImporter)[PhysX] Initialized MultithreadedTaskDispatcher with 24 workers.
 -> (artifact id: 'ccf50e858199585cf01254f1ba603c41') in 0.0002337 seconds
Start importing Packages/com.unity.modules.particlesystem using Guid(48b10b41f58d5b49717f376cda59eeb8) (DefaultImporter)[PhysX] Initialized MultithreadedTaskDispatcher with 24 workers.
 -> (artifact id: 'b162ff454ed22c0fc0babf863a86647a') in 0.0003187 seconds
Start importing Packages/com.unity.modules.tilemap using Guid(09e28640d754a611467eebfb261ed749) (DefaultImporter)[PhysX] Initialized MultithreadedTaskDispatcher with 24 workers.
 -> (artifact id: '84b8265ec69fb9cdcd3319544adc7656') in 0.0002996 seconds
Start importing Packages/com.unity.modules.ui using Guid(39728903e57c60021f80449a8bbc0096) (DefaultImporter)[PhysX] Initialized MultithreadedTaskDispatcher with 24 workers.
 -> (artifact id: 'b5b618a87f7362d1c884d9f0fab46007') in 0.0002496 seconds
Start importing Packages/com.unity.modules.androidjni using Guid(995c08a3305ff9f0dab5e86f340bd9a7) (DefaultImporter)[PhysX] Initialized MultithreadedTaskDispatcher with 24 workers.
 -> (artifact id: '8779e8da0a8d011cf31767d8b2ee7a88') in 0.0002455 seconds
Start importing Packages/com.unity.modules.hierarchycore using Guid(6b81377a4453ba7362eb3322f9bcc6c6) (DefaultImporter)[PhysX] Initialized MultithreadedTaskDispatcher with 24 workers.
 -> (artifact id: '52b71a1206800ecec0dc7504c68a6bf2') in 0.0002479 seconds
Start importing Packages/com.unity.modules.vehicles using Guid(1cf2469083ffa484da4d78dd70d708e8) (DefaultImporter)[PhysX] Initialized MultithreadedTaskDispatcher with 24 workers.
 -> (artifact id: 'ec2ea8639b8396434123a281e638a758') in 0.0002548 seconds
Start importing Packages/com.unity.modules.umbra using Guid(9c7c268fa6492449654839df69f2a2f4) (DefaultImporter)[PhysX] Initialized MultithreadedTaskDispatcher with 24 workers.
 -> (artifact id: '4bc41680734ca1a3fc5a8369461526d6') in 0.0002546 seconds
Start importing Packages/com.unity.modules.unitywebrequestwww using Guid(dcc8c6e92b172a65719af5ddf47dd968) (DefaultImporter)[PhysX] Initialized MultithreadedTaskDispatcher with 24 workers.
 -> (artifact id: 'c38d2a61e332e1b3d28e7fd2b5ed3fb8') in 0.0002479 seconds
Start importing Packages/com.unity.modules.jsonserialize using Guid(fc3a810351931f5e6183e16b9beb5563) (DefaultImporter)[PhysX] Initialized MultithreadedTaskDispatcher with 24 workers.
 -> (artifact id: 'ecea6f9fa2f1d017d82b3a66e6b46395') in 0.0002228 seconds
Start importing Packages/com.unity.modules.director using Guid(2d142b475fbfb8cf12ba3a795194300a) (DefaultImporter)[PhysX] Initialized MultithreadedTaskDispatcher with 24 workers.
 -> (artifact id: 'a8096314e6980a18840c72dd7a136151') in 0.0002294 seconds
Start importing Packages/com.unity.modules.audio using Guid(2d6ba5cbe47e6ad3c87474c56174d4e0) (DefaultImporter)[PhysX] Initialized MultithreadedTaskDispatcher with 24 workers.
 -> (artifact id: 'be679620a82987b47beb6d087e052075') in 0.000228 seconds
Start importing Packages/com.unity.modules.video using Guid(ede0462698a4a5643aa9872c074acd38) (DefaultImporter)[PhysX] Initialized MultithreadedTaskDispatcher with 24 workers.
 -> (artifact id: '97ecbf6bb8a47a2d541d738ebbf25953') in 0.0002334 seconds
Start importing Packages/com.unity.modules.ai using Guid(fd871a8be47119612f7c254e96a822b7) (DefaultImporter)[PhysX] Initialized MultithreadedTaskDispatcher with 24 workers.
 -> (artifact id: '13bdf5de3c475dff16f22f4b2a6a1234') in 0.0003204 seconds
Start importing Packages/com.unity.modules.terrain using Guid(6e1c8b97ec8aa0464e92506ffe099558) (DefaultImporter)[PhysX] Initialized MultithreadedTaskDispatcher with 24 workers.
 -> (artifact id: '1fd8f954129c579855d0a0ae9751895c') in 0.0002548 seconds
Start importing Packages/com.unity.modules.unitywebrequesttexture using Guid(6f1c7ebc8ac78cb951be24c238cbd3ba) (DefaultImporter)[PhysX] Initialized MultithreadedTaskDispatcher with 24 workers.
 -> (artifact id: 'f3f7d103ba190b8cee658abf30363b8a') in 0.0002501 seconds
Start importing Packages/com.unity.modules.ui/package.ModuleCompilationTrigger using Guid(51fa60bb2bd1e5bc74e8cc95a7bfd5b7) (DefaultImporter)[PhysX] Initialized MultithreadedTaskDispatcher with 24 workers.
 -> (artifact id: '7c2ee93bbdf3457ccc3e85aff8f2e238') in 0.0205182 seconds
Start importing Packages/com.unity.modules.unityanalytics/package.ModuleCompilationTrigger using Guid(71136fc5cf34f2cc10be0e33c0b08019) (DefaultImporter)[PhysX] Initialized MultithreadedTaskDispatcher with 24 workers.
 -> (artifact id: '65cf3c97c77e3a8e810059d7c4830804') in 0.0005762 seconds
Start importing Packages/com.unity.modules.tilemap/package.ModuleCompilationTrigger using Guid(a1c42005fe7c5d78585a77ce396a5eea) (DefaultImporter)[PhysX] Initialized MultithreadedTaskDispatcher with 24 workers.
 -> (artifact id: '12319e75fa89903cb02955e7ee3a0c75') in 0.0003395 seconds
Start importing Packages/com.unity.modules.hierarchycore/package.ModuleCompilationTrigger using Guid(d104359075a97392b803d3d5aebc77f7) (DefaultImporter)[PhysX] Initialized MultithreadedTaskDispatcher with 24 workers.
 -> (artifact id: 'a0008c9b46028f232b742910707a0547') in 0.0003218 seconds
Start importing Packages/com.unity.modules.assetbundle/package.ModuleCompilationTrigger using Guid(222fc39b0c85d800342910da2cd64781) (DefaultImporter)[PhysX] Initialized MultithreadedTaskDispatcher with 24 workers.
 -> (artifact id: '9b1ae3c8b164bc0ed7e49e82282964f9') in 0.0002945 seconds
Start importing Packages/com.unity.modules.unitywebrequest/package.ModuleCompilationTrigger using Guid(d2ec2d1228c8e67cdd913cb5609176a2) (DefaultImporter)[PhysX] Initialized MultithreadedTaskDispatcher with 24 workers.
 -> (artifact id: '6d14e3b19d0e3e1c4c37b897f3433eb4') in 0.0003106 seconds
Start importing Packages/com.unity.modules.ai/package.ModuleCompilationTrigger using Guid(e2d09a26ce46dc617b54e49a534ace20) (DefaultImporter)[PhysX] Initialized MultithreadedTaskDispatcher with 24 workers.
 -> (artifact id: '6c23c08c60b2c07c76b71ea4a63819ce') in 0.0003004 seconds
Start importing Packages/com.unity.modules.terrain/package.ModuleCompilationTrigger using Guid(23032f4383e95e772bce465c5896d0fd) (DefaultImporter)[PhysX] Initialized MultithreadedTaskDispatcher with 24 workers.
 -> (artifact id: '6db92d4cf0e4aeec445be21e97cb535f') in 0.0002981 seconds
Start importing Packages/com.unity.modules.imageconversion/package.ModuleCompilationTrigger using Guid(830a36a23cf3ab1e61fa47940a6dc35e) (DefaultImporter)[PhysX] Initialized MultithreadedTaskDispatcher with 24 workers.
 -> (artifact id: 'c0759e657ef73aecbcce37d4a39e622f') in 0.0002889 seconds
Start importing Packages/com.unity.modules.unitywebrequesttexture/package.ModuleCompilationTrigger using Guid(a31a332ce3485f00f7df8d987302a29c) (DefaultImporter)[PhysX] Initialized MultithreadedTaskDispatcher with 24 workers.
 -> (artifact id: 'fc18858117f95957723ba20a58332617') in 0.000315 seconds
Start importing Packages/com.unity.modules.audio/package.ModuleCompilationTrigger using Guid(042dc296246916648e55a43d0eeb2036) (DefaultImporter)[PhysX] Initialized MultithreadedTaskDispatcher with 24 workers.
 -> (artifact id: 'e09f7d8c29115057f615336118731edc') in 0.0003073 seconds
Start importing Packages/com.unity.modules.unitywebrequestaudio/package.ModuleCompilationTrigger using Guid(553737203d61a8109f9544a97201e1aa) (DefaultImporter)[PhysX] Initialized MultithreadedTaskDispatcher with 24 workers.
 -> (artifact id: '15635ed54032a4fc54f75efbd0b8c857') in 0.0002958 seconds
Start importing Packages/com.unity.modules.vr/package.ModuleCompilationTrigger using Guid(b5bd8fa6f4c55ab6f09322b86d18b0e3) (DefaultImporter)[PhysX] Initialized MultithreadedTaskDispatcher with 24 workers.
 -> (artifact id: '1b689f5deeb7114830949987430c634f') in 0.0003009 seconds
Start importing Packages/com.unity.modules.vehicles/package.ModuleCompilationTrigger using Guid(e5c46c19ce0ce2e0103aa6f82df1043a) (DefaultImporter)[PhysX] Initialized MultithreadedTaskDispatcher with 24 workers.
 -> (artifact id: 'e5e637b40931dddf434f59d33e648eee') in 0.0003142 seconds
Start importing Packages/com.unity.modules.unitywebrequestassetbundle/package.ModuleCompilationTrigger using Guid(7610600f5c83e01041a6fe849d39279f) (DefaultImporter)[PhysX] Initialized MultithreadedTaskDispatcher with 24 workers.
 -> (artifact id: '70d10befe68a4d658071cc462410f320') in 0.0002959 seconds
Start importing Packages/com.unity.modules.jsonserialize/package.ModuleCompilationTrigger using Guid(e6a135e3ea9cb46795d1b0e05ac3e1e5) (DefaultImporter)[PhysX] Initialized MultithreadedTaskDispatcher with 24 workers.
 -> (artifact id: 'e050dfdf11ab9612eff9f486dd77c1a0') in 0.0002996 seconds
Start importing Packages/com.unity.modules.video/package.ModuleCompilationTrigger using Guid(f62135e79edb837b2d2ee3c524da864c) (DefaultImporter)[PhysX] Initialized MultithreadedTaskDispatcher with 24 workers.
 -> (artifact id: '90533599e9162f7107d239236eed8e0d') in 0.00035 seconds
Start importing Packages/com.unity.modules.particlesystem/package.ModuleCompilationTrigger using Guid(17f093324b67f5bd57e55b546736750e) (DefaultImporter)[PhysX] Initialized MultithreadedTaskDispatcher with 24 workers.
 -> (artifact id: 'd2a6c3acf0a2b97dd3a07b7ce7eda22a') in 0.0003219 seconds
Start importing Packages/com.unity.modules.xr/package.ModuleCompilationTrigger using Guid(c7a8b0317f4e68556d7509828e9e211e) (DefaultImporter)[PhysX] Initialized MultithreadedTaskDispatcher with 24 workers.
 -> (artifact id: 'a9c9dfe64a53b44c25b90f24d341fba5') in 0.0003055 seconds
Start importing Packages/com.unity.modules.cloth/package.ModuleCompilationTrigger using Guid(082fbee38a82835433261a5e9c00e267) (DefaultImporter)[PhysX] Initialized MultithreadedTaskDispatcher with 24 workers.
 -> (artifact id: '603b9055e873836ca3e62025e3515b66') in 0.0002961 seconds
Start importing Packages/com.unity.modules.androidjni/package.ModuleCompilationTrigger using Guid(c82e859b16636ddd2ca4a1f63fd34938) (DefaultImporter)[PhysX] Initialized MultithreadedTaskDispatcher with 24 workers.
 -> (artifact id: 'a1ffbcb1750255b8f9fabddc4febd4cb') in 0.0002836 seconds
Start importing Packages/com.unity.modules.director/package.ModuleCompilationTrigger using Guid(c88e90bad18cceb5d182d0c805883056) (DefaultImporter)[PhysX] Initialized MultithreadedTaskDispatcher with 24 workers.
 -> (artifact id: 'c743e746fc8ea7b3dbed5fe78c807124') in 0.0002967 seconds
Start importing Packages/com.unity.modules.wind/package.ModuleCompilationTrigger using Guid(2adec19fac7df68adf1fd6eb83197bb1) (DefaultImporter)[PhysX] Initialized MultithreadedTaskDispatcher with 24 workers.
 -> (artifact id: 'b7d1518ee28260820e3854df74c98f55') in 0.0002961 seconds
Start importing Packages/com.unity.modules.uielements/package.ModuleCompilationTrigger using Guid(8a752aaaadd2410dd9a84e01c1bace9f) (DefaultImporter)[PhysX] Initialized MultithreadedTaskDispatcher with 24 workers.
 -> (artifact id: '6b88fc495c7a058ddff0be199dc1c9a2') in 0.0002905 seconds
Start importing Packages/com.unity.modules.umbra/package.ModuleCompilationTrigger using Guid(1b6246f2248883964991eac9e9b4817c) (DefaultImporter)[PhysX] Initialized MultithreadedTaskDispatcher with 24 workers.
 -> (artifact id: 'e51e60d24d336199a47295a98c48f5fd') in 0.0002932 seconds
Start importing Packages/com.unity.modules.terrainphysics/package.ModuleCompilationTrigger using Guid(cbb1a39d56ce4d9ac1a46ac505893fa7) (DefaultImporter)[PhysX] Initialized MultithreadedTaskDispatcher with 24 workers.
 -> (artifact id: '459f3a3761d7a8277a23c7752e67aec3') in 0.0002891 seconds
Start importing Packages/com.unity.modules.animation/package.ModuleCompilationTrigger using Guid(db8e609a39b9b231fccc54e5fa4cbd1b) (DefaultImporter)[PhysX] Initialized MultithreadedTaskDispatcher with 24 workers.
 -> (artifact id: '9b108c88de6468bb3991d7d989f398ba') in 0.0002807 seconds
Start importing Packages/com.unity.modules.physics/package.ModuleCompilationTrigger using Guid(5c1ee4056d0ac7ad3c5a16597fcaa38a) (DefaultImporter)[PhysX] Initialized MultithreadedTaskDispatcher with 24 workers.
 -> (artifact id: '997a49f69f9854c7dd37411db06c25f1') in 0.0003089 seconds
Start importing Packages/com.unity.modules.subsystems/package.ModuleCompilationTrigger using Guid(8d4bc6bfa28760b29f13174d6b6ea710) (DefaultImporter)[PhysX] Initialized MultithreadedTaskDispatcher with 24 workers.
 -> (artifact id: 'a57d91f0ec5232fcf8f1eda4f2dc989d') in 0.0002931 seconds
Start importing Packages/com.unity.modules.screencapture/package.ModuleCompilationTrigger using Guid(cd561f5f687aed43bf280c27a84f79e3) (DefaultImporter)[PhysX] Initialized MultithreadedTaskDispatcher with 24 workers.
 -> (artifact id: '322124b7aafe1c128d31cac0e23a204a') in 0.0002884 seconds
Start importing Packages/com.unity.modules.unitywebrequestwww/package.ModuleCompilationTrigger using Guid(ae87256f29d9c8b50490f4caf75b2c41) (DefaultImporter)[PhysX] Initialized MultithreadedTaskDispatcher with 24 workers.
 -> (artifact id: 'bdd224c2532e956f28ce66afdcd80aa7') in 0.0002952 seconds
Start importing Packages/com.unity.modules.imgui/package.ModuleCompilationTrigger using Guid(be13c398521e3c1ad21fb9da30ab2ab6) (DefaultImporter)[PhysX] Initialized MultithreadedTaskDispatcher with 24 workers.
 -> (artifact id: '4dfa9ff7aeaf3cfeb0f4e28c0274da66') in 0.0003247 seconds
Start importing Packages/com.unity.modules.physics2d/package.ModuleCompilationTrigger using Guid(fe6a6957b37b61417b457a1e0541791d) (DefaultImporter)[PhysX] Initialized MultithreadedTaskDispatcher with 24 workers.
 -> (artifact id: '9a0ccb24c9750ab660d8222d186c437e') in 0.0003099 seconds
Refreshing native plugins compatible for Editor in 0.00 ms, found 0 plugins.
Native extension for WindowsStandalone target not found
Mono: successfully reloaded assembly
- Finished resetting the current domain, in  0.353 seconds
Domain Reload Profiling: 881ms
	BeginReloadAssembly (455ms)
		ExecutionOrderSort (0ms)
		DisableScriptedObjects (8ms)
		BackupInstance (0ms)
		ReleaseScriptingObjects (0ms)
		CreateAndSetChildDomain (22ms)
	RebuildCommonClasses (23ms)
	RebuildNativeTypeToScriptingClass (8ms)
	initialDomainReloadingComplete (12ms)
	LoadAllAssembliesAndSetupDomain (30ms)
		LoadAssemblies (86ms)
		RebuildTransferFunctionScriptingTraits (0ms)
		AnalyzeDomain (5ms)
			TypeCache.Refresh (3ms)
				TypeCache.ScanAssembly (0ms)
			BuildScriptInfoCaches (1ms)
			ResolveRequiredComponents (0ms)
	FinalizeReload (353ms)
		ReleaseScriptCaches (0ms)
		RebuildScriptCaches (0ms)
		SetupLoadedEditorAssemblies (215ms)
			LogAssemblyErrors (0ms)
			InitializePlatformSupportModulesInManaged (8ms)
			SetLoadedEditorAssemblies (2ms)
			BeforeProcessingInitializeOnLoad (22ms)
			ProcessInitializeOnLoadAttributes (96ms)
			ProcessInitializeOnLoadMethodAttributes (85ms)
			AfterProcessingInitializeOnLoad (1ms)
			EditorAssembliesLoaded (0ms)
		ExecutionOrderSort2 (0ms)
		AwakeInstancesAfterBackupRestoration (8ms)
Start importing Library/BuildPlayer.prefs using Guid(00000000000000005000000000000000) (DefaultImporter)[PhysX] Initialized MultithreadedTaskDispatcher with 24 workers.
 -> (artifact id: 'd54eb0fd1581909c2b08639149368a31') in 0.0047424 seconds
Start importing Packages/com.unity.modules.subsystems/package.json using Guid(30b312a167534621b316172253b08723) (PackageManifestImporter)[PhysX] Initialized MultithreadedTaskDispatcher with 24 workers.
 -> (artifact id: 'f3aa8327fffc63af7bb86e03e1a1f186') in 0.0016873 seconds
Start importing Packages/com.unity.modules.jsonserialize/package.json using Guid(40bf3cec17fa0b49fe04443c8332d638) (PackageManifestImporter)[PhysX] Initialized MultithreadedTaskDispatcher with 24 workers.
 -> (artifact id: 'd7d97817933065a37000b0aee87e7305') in 0.0008045 seconds
Start importing Packages/com.unity.modules.screencapture/package.json using Guid(80beef77cb19e713c7c2d481b65ed485) (PackageManifestImporter)[PhysX] Initialized MultithreadedTaskDispatcher with 24 workers.
 -> (artifact id: 'b8e6b2c7e196338041ba2c05a2442f0e') in 0.0007039 seconds
Start importing Packages/com.unity.modules.cloth/package.json using Guid(906c12bc9cd95d3963c6d58f62522c78) (PackageManifestImporter)[PhysX] Initialized MultithreadedTaskDispatcher with 24 workers.
 -> (artifact id: '560bbe5230bd0cd50d9d30f7da9f343a') in 0.0006838 seconds
Start importing Packages/com.unity.modules.unitywebrequesttexture/package.json using Guid(d0e3ad91972c66f5238f5b9b7d5ae58a) (PackageManifestImporter)[PhysX] Initialized MultithreadedTaskDispatcher with 24 workers.
 -> (artifact id: '781becc86c4ea2378166482187659c15') in 0.0007336 seconds
Start importing Packages/com.unity.modules.ai/package.json using Guid(f0f13f2ab3d6d13cfc6e4656824bfca8) (PackageManifestImporter)[PhysX] Initialized MultithreadedTaskDispatcher with 24 workers.
 -> (artifact id: '48606866f251ea476288e488a07e517a') in 0.0007116 seconds
Start importing Packages/com.unity.modules.assetbundle/package.json using Guid(e1ef8466c8fd01a549f10baa4d51fa17) (PackageManifestImporter)[PhysX] Initialized MultithreadedTaskDispatcher with 24 workers.
 -> (artifact id: 'e29688df31515b0953613f707d83eb77') in 0.0008008 seconds
Start importing Packages/com.unity.modules.imgui/package.json using Guid(42fe78c8fe682715a2cb531422e6ccb3) (PackageManifestImporter)[PhysX] Initialized MultithreadedTaskDispatcher with 24 workers.
 -> (artifact id: '845fdeb2d8147a57a4bbd93d6ab8405c') in 0.000726 seconds
Start importing Packages/com.unity.modules.tilemap/package.json using Guid(92a378669877c05c6071d0fed687bb95) (PackageManifestImporter)[PhysX] Initialized MultithreadedTaskDispatcher with 24 workers.
 -> (artifact id: 'a4a3e40316c036c6c785fb51a9ac839f') in 0.0010703 seconds
Start importing Packages/com.unity.modules.terrainphysics/package.json using Guid(d3cbe921f7b3d9a3257e7c61a5761796) (PackageManifestImporter)[PhysX] Initialized MultithreadedTaskDispatcher with 24 workers.
 -> (artifact id: '8cfa7064924fba9d3ab547c0d6d4d661') in 0.0008441 seconds
Start importing Packages/com.unity.modules.unitywebrequestassetbundle/package.json using Guid(05f7f519769978b79b31d063a7fc6fa1) (PackageManifestImporter)[PhysX] Initialized MultithreadedTaskDispatcher with 24 workers.
 -> (artifact id: 'a070daf07ed7a0cb966273d9d223ec4e') in 0.0008083 seconds
Start importing Packages/com.unity.modules.imageconversion/package.json using Guid(953fab16d15d5885b3600fcd6388b2ad) (PackageManifestImporter)[PhysX] Initialized MultithreadedTaskDispatcher with 24 workers.
 -> (artifact id: '7dfcf9fb31a8b7699dd6f66ff9ac7d0c') in 0.0008445 seconds
Start importing Packages/com.unity.modules.unityanalytics/package.json using Guid(26a4f29db434fd79025c91f6126382cc) (PackageManifestImporter)[PhysX] Initialized MultithreadedTaskDispatcher with 24 workers.
 -> (artifact id: '272dbb1abf7fd69c1f2a808a25972e00') in 0.0008766 seconds
Start importing Packages/com.unity.modules.video/package.json using Guid(96d14b71b907bb52333b2886e665aba6) (PackageManifestImporter)[PhysX] Initialized MultithreadedTaskDispatcher with 24 workers.
 -> (artifact id: '9e741daf0e67df144ea3220257d21948') in 0.0014899 seconds
Start importing Packages/com.unity.modules.particlesystem/package.json using Guid(87d720faa37005c08600090e04d8c739) (PackageManifestImporter)[PhysX] Initialized MultithreadedTaskDispatcher with 24 workers.
 -> (artifact id: 'a7a7d1cbff58dffbe08892e6a8c34202') in 0.0012808 seconds
Start importing Packages/com.unity.modules.physics2d/package.json using Guid(f7a8357347c80dc69c08d0b1a05e2122) (PackageManifestImporter)[PhysX] Initialized MultithreadedTaskDispatcher with 24 workers.
 -> (artifact id: '7e18f2a783f02fa508abb99229bce109') in 0.0013565 seconds
Start importing Packages/com.unity.modules.vr/package.json using Guid(18a4fadfef534684d5af39ca8dc48fe9) (PackageManifestImporter)[PhysX] Initialized MultithreadedTaskDispatcher with 24 workers.
 -> (artifact id: 'adc944373bd92389b5a0a2368d7efd6b') in 0.0011741 seconds
Start importing Packages/com.unity.modules.wind/package.json using Guid(b83f06ac0c0696e9563230865ca72b81) (PackageManifestImporter)[PhysX] Initialized MultithreadedTaskDispatcher with 24 workers.
 -> (artifact id: 'bb4036f1f5aff4129e713d6a04e22bdc') in 0.0016141 seconds
Start importing Packages/com.unity.modules.umbra/package.json using Guid(d85e5eeaf8f135aeaaebdc8aa3cff6c3) (PackageManifestImporter)[PhysX] Initialized MultithreadedTaskDispatcher with 24 workers.
 -> (artifact id: '6ca732eeda91a5eb8efece2f932aa137') in 0.0015929 seconds
Start importing Packages/com.unity.modules.audio/package.json using Guid(e9df95f53f1c1d0c9199e235d6c42b50) (PackageManifestImporter)[PhysX] Initialized MultithreadedTaskDispatcher with 24 workers.
 -> (artifact id: 'c3ce3655880cf9caabf643cab24a7d89') in 0.0015364 seconds
Start importing Packages/com.unity.modules.physics/package.json using Guid(1a4266815e998967becf686f9c71f0a6) (PackageManifestImporter)[PhysX] Initialized MultithreadedTaskDispatcher with 24 workers.
 -> (artifact id: '4fbc0f2fa072a61908c1bc0c53415503') in 0.0018592 seconds
Start importing Packages/com.unity.modules.vehicles/package.json using Guid(6afb166a156df2d20433d981f4bb2832) (PackageManifestImporter)[PhysX] Initialized MultithreadedTaskDispatcher with 24 workers.
 -> (artifact id: 'e01bdd1a575659fc1b0fa52f24ce689a') in 0.0015037 seconds
Start importing Packages/com.unity.modules.unitywebrequestwww/package.json using Guid(fa27413e9edb06a6058d6c894eca0338) (PackageManifestImporter)[PhysX] Initialized MultithreadedTaskDispatcher with 24 workers.
 -> (artifact id: '35f2d64870a4dc3cc8223c756cb33ff7') in 0.0014164 seconds
Start importing Packages/com.unity.modules.unitywebrequestaudio/package.json using Guid(4b518b37798c97b0f860962cbf615533) (PackageManifestImporter)[PhysX] Initialized MultithreadedTaskDispatcher with 24 workers.
 -> (artifact id: '79bd487f53f64e60d496dc08dac4da8b') in 0.0016677 seconds
Start importing Packages/com.unity.modules.hierarchycore/package.json using Guid(9b1a5759726ef9d39a0ab82047b615f1) (PackageManifestImporter)[PhysX] Initialized MultithreadedTaskDispatcher with 24 workers.
 -> (artifact id: '1740caf02f52b24d16194c487d499102') in 0.0013022 seconds
Start importing Packages/com.unity.modules.xr/package.json using Guid(2c814623cb42764d304be0c5ddd03ceb) (PackageManifestImporter)[PhysX] Initialized MultithreadedTaskDispatcher with 24 workers.
 -> (artifact id: '2fd3a49edfa6066f152e29d1ee05b990') in 0.0008395 seconds
Start importing Packages/com.unity.modules.director/package.json using Guid(ec02776fe29df900b897106d61977735) (PackageManifestImporter)[PhysX] Initialized MultithreadedTaskDispatcher with 24 workers.
 -> (artifact id: 'a770f367700a17c13aa1cc613b28fa85') in 0.0007959 seconds
Start importing Packages/com.unity.modules.terrain/package.json using Guid(6d56244f8c39a851975d3c0bd432c66f) (PackageManifestImporter)[PhysX] Initialized MultithreadedTaskDispatcher with 24 workers.
 -> (artifact id: '8132e75853e64b46dc47e71ddc73e9f2') in 0.0007373 seconds
Start importing Packages/com.unity.modules.androidjni/package.json using Guid(bd1af0a6633ee94ae21c7d1d702cdc12) (PackageManifestImporter)[PhysX] Initialized MultithreadedTaskDispatcher with 24 workers.
 -> (artifact id: 'a6096641c28e1b2c05d6a07c60b3b6a5') in 0.0008112 seconds
Start importing Packages/com.unity.modules.animation/package.json using Guid(7ef8348b8ea834d7e1bc214b07f7fb87) (PackageManifestImporter)[PhysX] Initialized MultithreadedTaskDispatcher with 24 workers.
 -> (artifact id: '4f97501e299f38793d1ae08bbdd8de13') in 0.0008528 seconds
Start importing Packages/com.unity.modules.unitywebrequest/package.json using Guid(3fdd83b151eb8d25c5e2f82fc39dcb04) (PackageManifestImporter)[PhysX] Initialized MultithreadedTaskDispatcher with 24 workers.
 -> (artifact id: '310a126d59e159ef9108661441c85b54') in 0.0007879 seconds
Start importing Packages/com.unity.modules.uielements/package.json using Guid(4f0f9b9f3ed97ad2b9ba8f1a8e4666c2) (PackageManifestImporter)[PhysX] Initialized MultithreadedTaskDispatcher with 24 workers.
 -> (artifact id: '619e57c88057de12eaf8c3fdb54cf7dd') in 0.0007222 seconds
Start importing Packages/com.unity.modules.ui/package.json using Guid(bfd567a3d1631a761bca9e99fa53d86d) (PackageManifestImporter)[PhysX] Initialized MultithreadedTaskDispatcher with 24 workers.
 -> (artifact id: '8bd5f08b510283a1185ec1e7730ab327') in 0.0008268 seconds
Launched and connected shader compiler UnityShaderCompiler.exe after 0.03 seconds
Loading style catalogs (6)
	StyleSheets/Extensions/base/common.uss
	UIPackageResources/StyleSheets/Default/Variables/Public/common.uss
	StyleSheets/Northstar/common.uss
	StyleSheets/Extensions/fonts/inter.uss
	StyleSheets/Extensions/base/dark.uss
	UIPackageResources/StyleSheets/Default/Northstar/Palette/dark.uss
Refreshing native plugins compatible for Editor in 0.00 ms, found 0 plugins.
Preloading 0 native plugins for Editor in 0.00 ms.
Asset Pipeline Refresh (id=7cfbf122c7a17ef4194b45df80231432): Total: 3.335 seconds - Initiated by InitialRefreshV2(ForceSynchronousImport)
	Summary:
		Imports: total=123 (actual=123, local cache=0, cache server=0)
		Asset DB Process Time: managed=6 ms, native=565 ms
		Asset DB Callback time: managed=96 ms, native=671 ms
		Scripting: domain reloads=1, domain reload time=531 ms, compile time=1460 ms, other=3 ms
		Project Asset Count: scripts=89, non-scripts=34
		Asset File Changes: new=129, changed=129, moved=0, deleted=0
		Scan Filter Count: 0
	InvokeCustomDependenciesCallbacks: 0.001ms
	InvokePackagesCallback: 0.872ms
	ApplyChangesToAssetFolders: 0.254ms
	Scan: 24.034ms
	OnSourceAssetsModified: 1.006ms
	CategorizeAssetsWithTransientArtifact: 0.152ms
	ProcessAssetsWithTransientArtifactChanges: 0.969ms
	CategorizeAssets: 0.588ms
	ImportOutOfDateAssets: 490.434ms (-1105.406ms without children)
		ImportManagerImport: 134.154ms (5.636ms without children)
			ImportInProcess: 128.351ms
			UpdateCategorizedAssets: 0.166ms
		CompileScripts: 1460.494ms
		ReloadNativeAssets: 0.001ms
		UnloadImportedAssets: 0.938ms
		ReloadImportedAssets: 0.007ms
		EnsureUptoDateAssetsAreRegisteredWithGuidPM: 0.019ms
		InitializingProgressBar: 0.001ms
		PostProcessAllAssetNotificationsAddChangedAssets: 0.000ms
		OnDemandSchedulerStart: 0.226ms
	PostProcessAllAssets: 766.657ms
	Hotreload: 1.683ms
	GatherAllCurrentPrimaryArtifactRevisions: 0.006ms
	UnloadStreamsBegin: 0.113ms
	PersistCurrentRevisions: 0.074ms
	UnloadStreamsEnd: 0.001ms
	GenerateScriptTypeHashes: 0.002ms
	Untracked: 2047.693ms

Application.AssetDatabase Initial Refresh End
Scanning for USB devices : 2.367ms
Initializing Unity extensions:
[Licensing::Client] Successfully resolved entitlements
[MODES] ModeService[none].Initialize
[MODES] ModeService[none].LoadModes
[MODES] Loading mode Default (0) for mode-current-id-LittleSoldier3D
Unloading 3 Unused Serialized files (Serialized files now loaded: 0)
Unloading 20 unused Assets / (456.9 KB). Loaded Objects now: 663.
Memory consumption went from 136.8 MB to 136.4 MB.
Total: 4.083700 ms (FindLiveObjects: 0.057500 ms CreateObjectMapping: 0.005100 ms MarkObjects: 3.875400 ms  DeleteObjects: 0.144600 ms)

[LAYOUT] C:/Users/HI/AppData/Roaming/Unity/Editor-5.x/Preferences\Layouts\default does not exist. Copying base layouts.
[LAYOUT] About to load C:/Users/HI/AppData/Roaming/Unity/Editor-5.x/Preferences\Layouts\default\Default.wlt, keepMainWindow=False
<RI> Initialized touch support.
<RI> Initialized touch support.
<RI> Initialized touch support.
<RI> Initialized touch support.
<RI> Initialized touch support.
<RI> Initialized touch support.
[PhysX] Initialized MultithreadedTaskDispatcher with 24 workers.
[LAYOUT] About to save layout D:\Users\HI\Documents\New project\LittleSoldier3D\UserSettings\Layouts\default-6000.dwlt
[LAYOUT] About to save layout C:/Users/HI/AppData/Roaming/Unity/Editor-5.x/Preferences\Layouts\current\default-6000.dwlt
[MODES] ModeService[default].InitializeCurrentMode
[MODES] ModeService[default].RaiseModeChanged(default, default)
Training scene generated. Press Play to test.
UnityEngine.Debug:ExtractStackTraceNoAlloc (byte*,int,string)
UnityEngine.StackTraceUtility:ExtractStackTrace ()
UnityEngine.DebugLogHandler:Internal_Log (UnityEngine.LogType,UnityEngine.LogOption,string,UnityEngine.Object)
UnityEngine.DebugLogHandler:LogFormat (UnityEngine.LogType,UnityEngine.Object,string,object[])
UnityEngine.Logger:Log (UnityEngine.LogType,object)
UnityEngine.Debug:Log (object)
TrainingSceneBuilder:Build () (at Assets/Editor/TrainingSceneBuilder.cs:80)

(Filename: Assets/Editor/TrainingSceneBuilder.cs Line: 80)

IsTimeToCheckForNewEditor: Update time 0 current 1780629743
<RI> Initializing input.
<RI> Input initialized.
[Project] Loading completed in 7.673 seconds
	Project init time: 				5.985 seconds
		Template init time: 		0.000 seconds
		Package Manager init time: 		0.224 seconds
		Asset Database init time: 		1.405 seconds
		Global illumination init time: 	0.002 seconds
		Assemblies load time: 			0.511 seconds
		Unity extensions init time: 	0.000 seconds
		Asset Database refresh time: 	3.336 seconds
	Scene opening time: 			0.571 seconds
##utp:{"type":"ProjectInfo","version":2,"phase":"Immediate","time":1780629743745,"processId":39200,"projectLoad":7.672946400000001,"projectInit":5.9846332,"templateInit":0.0,"packageManagerInit":0.2239165,"assetDatabaseInit":1.4050489,"globalIlluminationInit":0.002022,"assembliesLoad":0.511038,"unityExtensionsInit":0.0003172,"assetDatabaseRefresh":3.3355935,"sceneOpening":0.5706048}
##utp:{"type":"EditorInfo","version":2,"phase":"Immediate","time":1780629743745,"processId":39200,"editorVersion":"6000.0.0f1 (4ff56b3ea44c)","branch":"6000.0/release","buildType":"Release","platform":"Windows"}
Asset Pipeline Refresh (id=a2e13195da98b5b4e816748c269d8994): Total: 0.003 seconds - Initiated by RefreshV2(AllowForceSynchronousImport)
Launched and connected shader compiler UnityShaderCompiler.exe after 0.01 seconds
Launched and connected shader compiler UnityShaderCompiler.exe after 0.01 seconds
Launched and connected shader compiler UnityShaderCompiler.exe after 0.01 seconds
Launched and connected shader compiler UnityShaderCompiler.exe after 0.01 seconds
[MODES] ModeService[default].LoadModes
Created GICache directory at C:/Users/HI/AppData/LocalLow/Unity/Caches/GiCache. Took: 0.038s, timestamps: [8.432 - 8.470]
[Licensing::Client] Successfully updated the access token
[Licensing::Module] Successfully updated access token: "l7pXlyO4"... (expires: 2027-06-05T03:22:25Z)
EditorUpdateCheck: Failed The requested URL returned error: 404
[Licensing::Client] Successfully resolved entitlement details
[Licensing::Client] Successfully resolved entitlement details
TrimDiskCacheJob: Current cache size 0mb
Reloading assemblies for play mode.
Reloading assemblies after forced synchronous recompile.
Begin MonoManager ReloadAssembly
- Loaded All Assemblies, in  0.220 seconds
Refreshing native plugins compatible for Editor in 0.00 ms, found 0 plugins.
Native extension for WindowsStandalone target not found
[MODES] ModeService[none].Initialize
[MODES] ModeService[none].LoadModes
[PhysX] Initialized MultithreadedTaskDispatcher with 24 workers.
Mono: successfully reloaded assembly
- Finished resetting the current domain, in  0.680 seconds
Domain Reload Profiling: 901ms
	BeginReloadAssembly (172ms)
		ExecutionOrderSort (0ms)
		DisableScriptedObjects (36ms)
		BackupInstance (0ms)
		ReleaseScriptingObjects (0ms)
		CreateAndSetChildDomain (43ms)
	RebuildCommonClasses (22ms)
	RebuildNativeTypeToScriptingClass (8ms)
	initialDomainReloadingComplete (13ms)
	LoadAllAssembliesAndSetupDomain (5ms)
		LoadAssemblies (65ms)
		RebuildTransferFunctionScriptingTraits (0ms)
		AnalyzeDomain (4ms)
			TypeCache.Refresh (2ms)
				TypeCache.ScanAssembly (0ms)
			BuildScriptInfoCaches (0ms)
			ResolveRequiredComponents (0ms)
	FinalizeReload (681ms)
		ReleaseScriptCaches (0ms)
		RebuildScriptCaches (0ms)
		SetupLoadedEditorAssemblies (123ms)
			LogAssemblyErrors (0ms)
			InitializePlatformSupportModulesInManaged (8ms)
			SetLoadedEditorAssemblies (2ms)
			BeforeProcessingInitializeOnLoad (20ms)
			ProcessInitializeOnLoadAttributes (69ms)
			ProcessInitializeOnLoadMethodAttributes (23ms)
			AfterProcessingInitializeOnLoad (1ms)
			EditorAssembliesLoaded (0ms)
		ExecutionOrderSort2 (0ms)
		AwakeInstancesAfterBackupRestoration (373ms)
Asset Pipeline Refresh (id=39da33be3a4f1a843bf3898a075d6007): Total: 0.920 seconds - Initiated by StopAssetImportingV2(ForceSynchronousImport | ForceDomainReload)
	Summary:
		Imports: total=0 (actual=0, local cache=0, cache server=0)
		Asset DB Process Time: managed=0 ms, native=685 ms
		Asset DB Callback time: managed=10 ms, native=0 ms
		Scripting: domain reloads=1, domain reload time=222 ms, compile time=1 ms, other=0 ms
		Project Asset Count: scripts=89, non-scripts=34
		Asset File Changes: new=0, changed=0, moved=0, deleted=0
		Scan Filter Count: 0
	InvokeCustomDependenciesCallbacks: 0.001ms
	InvokePackagesCallback: 0.864ms
	ApplyChangesToAssetFolders: 0.141ms
	Scan: 0.000ms
	OnSourceAssetsModified: 0.001ms
	CategorizeAssetsWithTransientArtifact: 0.002ms
	ProcessAssetsWithTransientArtifactChanges: 0.009ms
	CategorizeAssets: 0.210ms
	ImportOutOfDateAssets: 681.120ms (679.657ms without children)
		CompileScripts: 1.333ms
		CollectScriptTypesHashes: 0.001ms
		ReloadNativeAssets: 0.000ms
		UnloadImportedAssets: 0.001ms
		EnsureUptoDateAssetsAreRegisteredWithGuidPM: 0.013ms
		InitializingProgressBar: 0.000ms
		OnDemandSchedulerStart: 0.115ms
	PostProcessAllAssets: 10.752ms
	GatherAllCurrentPrimaryArtifactRevisions: 0.012ms
	UnloadStreamsBegin: 0.910ms
	PersistCurrentRevisions: 0.003ms
	UnloadStreamsEnd: 0.001ms
	GenerateScriptTypeHashes: 0.000ms
	Untracked: 226.148ms

[PhysX] Initialized MultithreadedTaskDispatcher with 24 workers.
Loaded scene 'Temp/__Backupscenes/0.backup'
	Deserialize:            0.795 ms
	Integration:            12.147 ms
	Integration of assets:  0.012 ms
	Thread Wait Time:       0.014 ms
	Total Operation Time:   12.968 ms
Asset Pipeline Refresh (id=47a9b15c5cc9d8a4b99ad35fea7ed275): Total: 0.012 seconds - Initiated by RefreshV2(NoUpdateAssetOptions)
Asset Pipeline Refresh (id=d58e446aea4f78e47a20d97e5956c849): Total: 0.001 seconds - Initiated by RefreshV2(NoUpdateAssetOptions)
Fire! Ammo left: 29
UnityEngine.Debug:ExtractStackTraceNoAlloc (byte*,int,string)
UnityEngine.StackTraceUtility:ExtractStackTrace ()
UnityEngine.DebugLogHandler:Internal_Log (UnityEngine.LogType,UnityEngine.LogOption,string,UnityEngine.Object)
UnityEngine.DebugLogHandler:LogFormat (UnityEngine.LogType,UnityEngine.Object,string,object[])
UnityEngine.Logger:Log (UnityEngine.LogType,object)
UnityEngine.Debug:Log (object)
GunRaycast:Shoot () (at Assets/Scripts/GunRaycast.cs:34)
GunRaycast:Update () (at Assets/Scripts/GunRaycast.cs:25)

(Filename: Assets/Scripts/GunRaycast.cs Line: 34)

Hit: Cover_3
UnityEngine.Debug:ExtractStackTraceNoAlloc (byte*,int,string)
UnityEngine.StackTraceUtility:ExtractStackTrace ()
UnityEngine.DebugLogHandler:Internal_Log (UnityEngine.LogType,UnityEngine.LogOption,string,UnityEngine.Object)
UnityEngine.DebugLogHandler:LogFormat (UnityEngine.LogType,UnityEngine.Object,string,object[])
UnityEngine.Logger:Log (UnityEngine.LogType,object)
UnityEngine.Debug:Log (object)
GunRaycast:Shoot () (at Assets/Scripts/GunRaycast.cs:38)
GunRaycast:Update () (at Assets/Scripts/GunRaycast.cs:25)

(Filename: Assets/Scripts/GunRaycast.cs Line: 38)

Fire! Ammo left: 28
UnityEngine.Debug:ExtractStackTraceNoAlloc (byte*,int,string)
UnityEngine.StackTraceUtility:ExtractStackTrace ()
UnityEngine.DebugLogHandler:Internal_Log (UnityEngine.LogType,UnityEngine.LogOption,string,UnityEngine.Object)
UnityEngine.DebugLogHandler:LogFormat (UnityEngine.LogType,UnityEngine.Object,string,object[])
UnityEngine.Logger:Log (UnityEngine.LogType,object)
UnityEngine.Debug:Log (object)
GunRaycast:Shoot () (at Assets/Scripts/GunRaycast.cs:34)
GunRaycast:Update () (at Assets/Scripts/GunRaycast.cs:25)

(Filename: Assets/Scripts/GunRaycast.cs Line: 34)

Fire! Ammo left: 27
UnityEngine.Debug:ExtractStackTraceNoAlloc (byte*,int,string)
UnityEngine.StackTraceUtility:ExtractStackTrace ()
UnityEngine.DebugLogHandler:Internal_Log (UnityEngine.LogType,UnityEngine.LogOption,string,UnityEngine.Object)
UnityEngine.DebugLogHandler:LogFormat (UnityEngine.LogType,UnityEngine.Object,string,object[])
UnityEngine.Logger:Log (UnityEngine.LogType,object)
UnityEngine.Debug:Log (object)
GunRaycast:Shoot () (at Assets/Scripts/GunRaycast.cs:34)
GunRaycast:Update () (at Assets/Scripts/GunRaycast.cs:25)

(Filename: Assets/Scripts/GunRaycast.cs Line: 34)

Hit: Cover_3
UnityEngine.Debug:ExtractStackTraceNoAlloc (byte*,int,string)
UnityEngine.StackTraceUtility:ExtractStackTrace ()
UnityEngine.DebugLogHandler:Internal_Log (UnityEngine.LogType,UnityEngine.LogOption,string,UnityEngine.Object)
UnityEngine.DebugLogHandler:LogFormat (UnityEngine.LogType,UnityEngine.Object,string,object[])
UnityEngine.Logger:Log (UnityEngine.LogType,object)
UnityEngine.Debug:Log (object)
GunRaycast:Shoot () (at Assets/Scripts/GunRaycast.cs:38)
GunRaycast:Update () (at Assets/Scripts/GunRaycast.cs:25)

(Filename: Assets/Scripts/GunRaycast.cs Line: 38)

[PhysX] Initialized MultithreadedTaskDispatcher with 24 workers.
Unloading 2 Unused Serialized files (Serialized files now loaded: 0)
Loaded scene 'Temp/__Backupscenes/0.backup'
	Deserialize:            0.750 ms
	Integration:            6.105 ms
	Integration of assets:  0.011 ms
	Thread Wait Time:       0.009 ms
	Total Operation Time:   6.876 ms
Unloading 54 unused Assets / (13.7 MB). Loaded Objects now: 1581.
Memory consumption went from 293.9 MB to 280.1 MB.
Total: 7.506400 ms (FindLiveObjects: 0.065800 ms CreateObjectMapping: 0.009500 ms MarkObjects: 6.145600 ms  DeleteObjects: 1.284800 ms)

[Licensing::Client] Successfully resolved entitlements
Reloading assemblies for play mode.
Reloading assemblies after forced synchronous recompile.
Begin MonoManager ReloadAssembly
- Loaded All Assemblies, in  0.230 seconds
Refreshing native plugins compatible for Editor in 0.00 ms, found 0 plugins.
Native extension for WindowsStandalone target not found
[MODES] ModeService[none].Initialize
[MODES] ModeService[none].LoadModes
[PhysX] Initialized MultithreadedTaskDispatcher with 24 workers.
Mono: successfully reloaded assembly
- Finished resetting the current domain, in  0.666 seconds
Domain Reload Profiling: 897ms
	BeginReloadAssembly (183ms)
		ExecutionOrderSort (0ms)
		DisableScriptedObjects (50ms)
		BackupInstance (0ms)
		ReleaseScriptingObjects (0ms)
		CreateAndSetChildDomain (39ms)
	RebuildCommonClasses (24ms)
	RebuildNativeTypeToScriptingClass (8ms)
	initialDomainReloadingComplete (11ms)
	LoadAllAssembliesAndSetupDomain (5ms)
		LoadAssemblies (64ms)
		RebuildTransferFunctionScriptingTraits (0ms)
		AnalyzeDomain (4ms)
			TypeCache.Refresh (2ms)
				TypeCache.ScanAssembly (0ms)
			BuildScriptInfoCaches (0ms)
			ResolveRequiredComponents (0ms)
	FinalizeReload (666ms)
		ReleaseScriptCaches (0ms)
		RebuildScriptCaches (0ms)
		SetupLoadedEditorAssemblies (118ms)
			LogAssemblyErrors (0ms)
			InitializePlatformSupportModulesInManaged (8ms)
			SetLoadedEditorAssemblies (2ms)
			BeforeProcessingInitializeOnLoad (20ms)
			ProcessInitializeOnLoadAttributes (67ms)
			ProcessInitializeOnLoadMethodAttributes (22ms)
			AfterProcessingInitializeOnLoad (1ms)
			EditorAssembliesLoaded (0ms)
		ExecutionOrderSort2 (0ms)
		AwakeInstancesAfterBackupRestoration (368ms)
Asset Pipeline Refresh (id=2f8c6bf6792a71a45b2d276501a0e7ba): Total: 0.913 seconds - Initiated by StopAssetImportingV2(ForceSynchronousImport | ForceDomainReload)
	Summary:
		Imports: total=0 (actual=0, local cache=0, cache server=0)
		Asset DB Process Time: managed=0 ms, native=671 ms
		Asset DB Callback time: managed=7 ms, native=0 ms
		Scripting: domain reloads=1, domain reload time=232 ms, compile time=1 ms, other=0 ms
		Project Asset Count: scripts=89, non-scripts=34
		Asset File Changes: new=0, changed=0, moved=0, deleted=0
		Scan Filter Count: 0
	InvokeCustomDependenciesCallbacks: 0.001ms
	InvokePackagesCallback: 0.786ms
	ApplyChangesToAssetFolders: 0.121ms
	Scan: 0.000ms
	OnSourceAssetsModified: 0.001ms
	CategorizeAssetsWithTransientArtifact: 0.001ms
	ProcessAssetsWithTransientArtifactChanges: 0.009ms
	CategorizeAssets: 0.210ms
	ImportOutOfDateAssets: 666.751ms (665.151ms without children)
		CompileScripts: 1.374ms
		CollectScriptTypesHashes: 0.001ms
		ReloadNativeAssets: 0.001ms
		UnloadImportedAssets: 0.043ms
		EnsureUptoDateAssetsAreRegisteredWithGuidPM: 0.015ms
		InitializingProgressBar: 0.000ms
		PostProcessAllAssetNotificationsAddChangedAssets: 0.000ms
		OnDemandSchedulerStart: 0.166ms
	PostProcessAllAssets: 7.959ms
	GatherAllCurrentPrimaryArtifactRevisions: 0.008ms
	UnloadStreamsBegin: 0.015ms
	PersistCurrentRevisions: 0.003ms
	UnloadStreamsEnd: 0.001ms
	GenerateScriptTypeHashes: 0.000ms
	Untracked: 237.034ms

[PhysX] Initialized MultithreadedTaskDispatcher with 24 workers.
Loaded scene 'Temp/__Backupscenes/0.backup'
	Deserialize:            0.809 ms
	Integration:            11.192 ms
	Integration of assets:  0.013 ms
	Thread Wait Time:       0.013 ms
	Total Operation Time:   12.027 ms
Fire! Ammo left: 29
UnityEngine.Debug:ExtractStackTraceNoAlloc (byte*,int,string)
UnityEngine.StackTraceUtility:ExtractStackTrace ()
UnityEngine.DebugLogHandler:Internal_Log (UnityEngine.LogType,UnityEngine.LogOption,string,UnityEngine.Object)
UnityEngine.DebugLogHandler:LogFormat (UnityEngine.LogType,UnityEngine.Object,string,object[])
UnityEngine.Logger:Log (UnityEngine.LogType,object)
UnityEngine.Debug:Log (object)
GunRaycast:Shoot () (at Assets/Scripts/GunRaycast.cs:34)
GunRaycast:Update () (at Assets/Scripts/GunRaycast.cs:25)

(Filename: Assets/Scripts/GunRaycast.cs Line: 34)

Hit: Cover_3
UnityEngine.Debug:ExtractStackTraceNoAlloc (byte*,int,string)
UnityEngine.StackTraceUtility:ExtractStackTrace ()
UnityEngine.DebugLogHandler:Internal_Log (UnityEngine.LogType,UnityEngine.LogOption,string,UnityEngine.Object)
UnityEngine.DebugLogHandler:LogFormat (UnityEngine.LogType,UnityEngine.Object,string,object[])
UnityEngine.Logger:Log (UnityEngine.LogType,object)
UnityEngine.Debug:Log (object)
GunRaycast:Shoot () (at Assets/Scripts/GunRaycast.cs:38)
GunRaycast:Update () (at Assets/Scripts/GunRaycast.cs:25)

(Filename: Assets/Scripts/GunRaycast.cs Line: 38)

Fire! Ammo left: 28
UnityEngine.Debug:ExtractStackTraceNoAlloc (byte*,int,string)
UnityEngine.StackTraceUtility:ExtractStackTrace ()
UnityEngine.DebugLogHandler:Internal_Log (UnityEngine.LogType,UnityEngine.LogOption,string,UnityEngine.Object)
UnityEngine.DebugLogHandler:LogFormat (UnityEngine.LogType,UnityEngine.Object,string,object[])
UnityEngine.Logger:Log (UnityEngine.LogType,object)
UnityEngine.Debug:Log (object)
GunRaycast:Shoot () (at Assets/Scripts/GunRaycast.cs:34)
GunRaycast:Update () (at Assets/Scripts/GunRaycast.cs:25)

(Filename: Assets/Scripts/GunRaycast.cs Line: 34)

Hit: Wall_N
UnityEngine.Debug:ExtractStackTraceNoAlloc (byte*,int,string)
UnityEngine.StackTraceUtility:ExtractStackTrace ()
UnityEngine.DebugLogHandler:Internal_Log (UnityEngine.LogType,UnityEngine.LogOption,string,UnityEngine.Object)
UnityEngine.DebugLogHandler:LogFormat (UnityEngine.LogType,UnityEngine.Object,string,object[])
UnityEngine.Logger:Log (UnityEngine.LogType,object)
UnityEngine.Debug:Log (object)
GunRaycast:Shoot () (at Assets/Scripts/GunRaycast.cs:38)
GunRaycast:Update () (at Assets/Scripts/GunRaycast.cs:25)

(Filename: Assets/Scripts/GunRaycast.cs Line: 38)

Fire! Ammo left: 27
UnityEngine.Debug:ExtractStackTraceNoAlloc (byte*,int,string)
UnityEngine.StackTraceUtility:ExtractStackTrace ()
UnityEngine.DebugLogHandler:Internal_Log (UnityEngine.LogType,UnityEngine.LogOption,string,UnityEngine.Object)
UnityEngine.DebugLogHandler:LogFormat (UnityEngine.LogType,UnityEngine.Object,string,object[])
UnityEngine.Logger:Log (UnityEngine.LogType,object)
UnityEngine.Debug:Log (object)
GunRaycast:Shoot () (at Assets/Scripts/GunRaycast.cs:34)
GunRaycast:Update () (at Assets/Scripts/GunRaycast.cs:25)

(Filename: Assets/Scripts/GunRaycast.cs Line: 34)

Hit: Wall_N
UnityEngine.Debug:ExtractStackTraceNoAlloc (byte*,int,string)
UnityEngine.StackTraceUtility:ExtractStackTrace ()
UnityEngine.DebugLogHandler:Internal_Log (UnityEngine.LogType,UnityEngine.LogOption,string,UnityEngine.Object)
UnityEngine.DebugLogHandler:LogFormat (UnityEngine.LogType,UnityEngine.Object,string,object[])
UnityEngine.Logger:Log (UnityEngine.LogType,object)
UnityEngine.Debug:Log (object)
GunRaycast:Shoot () (at Assets/Scripts/GunRaycast.cs:38)
GunRaycast:Update () (at Assets/Scripts/GunRaycast.cs:25)

(Filename: Assets/Scripts/GunRaycast.cs Line: 38)

Fire! Ammo left: 26
UnityEngine.Debug:ExtractStackTraceNoAlloc (byte*,int,string)
UnityEngine.StackTraceUtility:ExtractStackTrace ()
UnityEngine.DebugLogHandler:Internal_Log (UnityEngine.LogType,UnityEngine.LogOption,string,UnityEngine.Object)
UnityEngine.DebugLogHandler:LogFormat (UnityEngine.LogType,UnityEngine.Object,string,object[])
UnityEngine.Logger:Log (UnityEngine.LogType,object)
UnityEngine.Debug:Log (object)
GunRaycast:Shoot () (at Assets/Scripts/GunRaycast.cs:34)
GunRaycast:Update () (at Assets/Scripts/GunRaycast.cs:25)

(Filename: Assets/Scripts/GunRaycast.cs Line: 34)

Hit: Wall_N
UnityEngine.Debug:ExtractStackTraceNoAlloc (byte*,int,string)
UnityEngine.StackTraceUtility:ExtractStackTrace ()
UnityEngine.DebugLogHandler:Internal_Log (UnityEngine.LogType,UnityEngine.LogOption,string,UnityEngine.Object)
UnityEngine.DebugLogHandler:LogFormat (UnityEngine.LogType,UnityEngine.Object,string,object[])
UnityEngine.Logger:Log (UnityEngine.LogType,object)
UnityEngine.Debug:Log (object)
GunRaycast:Shoot () (at Assets/Scripts/GunRaycast.cs:38)
GunRaycast:Update () (at Assets/Scripts/GunRaycast.cs:25)

(Filename: Assets/Scripts/GunRaycast.cs Line: 38)

Fire! Ammo left: 25
UnityEngine.Debug:ExtractStackTraceNoAlloc (byte*,int,string)
UnityEngine.StackTraceUtility:ExtractStackTrace ()
UnityEngine.DebugLogHandler:Internal_Log (UnityEngine.LogType,UnityEngine.LogOption,string,UnityEngine.Object)
UnityEngine.DebugLogHandler:LogFormat (UnityEngine.LogType,UnityEngine.Object,string,object[])
UnityEngine.Logger:Log (UnityEngine.LogType,object)
UnityEngine.Debug:Log (object)
GunRaycast:Shoot () (at Assets/Scripts/GunRaycast.cs:34)
GunRaycast:Update () (at Assets/Scripts/GunRaycast.cs:25)

(Filename: Assets/Scripts/GunRaycast.cs Line: 34)

Hit: Wall_N
UnityEngine.Debug:ExtractStackTraceNoAlloc (byte*,int,string)
UnityEngine.StackTraceUtility:ExtractStackTrace ()
UnityEngine.DebugLogHandler:Internal_Log (UnityEngine.LogType,UnityEngine.LogOption,string,UnityEngine.Object)
UnityEngine.DebugLogHandler:LogFormat (UnityEngine.LogType,UnityEngine.Object,string,object[])
UnityEngine.Logger:Log (UnityEngine.LogType,object)
UnityEngine.Debug:Log (object)
GunRaycast:Shoot () (at Assets/Scripts/GunRaycast.cs:38)
GunRaycast:Update () (at Assets/Scripts/GunRaycast.cs:25)

(Filename: Assets/Scripts/GunRaycast.cs Line: 38)

Fire! Ammo left: 24
UnityEngine.Debug:ExtractStackTraceNoAlloc (byte*,int,string)
UnityEngine.StackTraceUtility:ExtractStackTrace ()
UnityEngine.DebugLogHandler:Internal_Log (UnityEngine.LogType,UnityEngine.LogOption,string,UnityEngine.Object)
UnityEngine.DebugLogHandler:LogFormat (UnityEngine.LogType,UnityEngine.Object,string,object[])
UnityEngine.Logger:Log (UnityEngine.LogType,object)
UnityEngine.Debug:Log (object)
GunRaycast:Shoot () (at Assets/Scripts/GunRaycast.cs:34)
GunRaycast:Update () (at Assets/Scripts/GunRaycast.cs:25)

(Filename: Assets/Scripts/GunRaycast.cs Line: 34)

Hit: Wall_N
UnityEngine.Debug:ExtractStackTraceNoAlloc (byte*,int,string)
UnityEngine.StackTraceUtility:ExtractStackTrace ()
UnityEngine.DebugLogHandler:Internal_Log (UnityEngine.LogType,UnityEngine.LogOption,string,UnityEngine.Object)
UnityEngine.DebugLogHandler:LogFormat (UnityEngine.LogType,UnityEngine.Object,string,object[])
UnityEngine.Logger:Log (UnityEngine.LogType,object)
UnityEngine.Debug:Log (object)
GunRaycast:Shoot () (at Assets/Scripts/GunRaycast.cs:38)
GunRaycast:Update () (at Assets/Scripts/GunRaycast.cs:25)

(Filename: Assets/Scripts/GunRaycast.cs Line: 38)

Fire! Ammo left: 23
UnityEngine.Debug:ExtractStackTraceNoAlloc (byte*,int,string)
UnityEngine.StackTraceUtility:ExtractStackTrace ()
UnityEngine.DebugLogHandler:Internal_Log (UnityEngine.LogType,UnityEngine.LogOption,string,UnityEngine.Object)
UnityEngine.DebugLogHandler:LogFormat (UnityEngine.LogType,UnityEngine.Object,string,object[])
UnityEngine.Logger:Log (UnityEngine.LogType,object)
UnityEngine.Debug:Log (object)
GunRaycast:Shoot () (at Assets/Scripts/GunRaycast.cs:34)
GunRaycast:Update () (at Assets/Scripts/GunRaycast.cs:25)

(Filename: Assets/Scripts/GunRaycast.cs Line: 34)

Hit: Wall_N
UnityEngine.Debug:ExtractStackTraceNoAlloc (byte*,int,string)
UnityEngine.StackTraceUtility:ExtractStackTrace ()
UnityEngine.DebugLogHandler:Internal_Log (UnityEngine.LogType,UnityEngine.LogOption,string,UnityEngine.Object)
UnityEngine.DebugLogHandler:LogFormat (UnityEngine.LogType,UnityEngine.Object,string,object[])
UnityEngine.Logger:Log (UnityEngine.LogType,object)
UnityEngine.Debug:Log (object)
GunRaycast:Shoot () (at Assets/Scripts/GunRaycast.cs:38)
GunRaycast:Update () (at Assets/Scripts/GunRaycast.cs:25)

(Filename: Assets/Scripts/GunRaycast.cs Line: 38)

Fire! Ammo left: 22
UnityEngine.Debug:ExtractStackTraceNoAlloc (byte*,int,string)
UnityEngine.StackTraceUtility:ExtractStackTrace ()
UnityEngine.DebugLogHandler:Internal_Log (UnityEngine.LogType,UnityEngine.LogOption,string,UnityEngine.Object)
UnityEngine.DebugLogHandler:LogFormat (UnityEngine.LogType,UnityEngine.Object,string,object[])
UnityEngine.Logger:Log (UnityEngine.LogType,object)
UnityEngine.Debug:Log (object)
GunRaycast:Shoot () (at Assets/Scripts/GunRaycast.cs:34)
GunRaycast:Update () (at Assets/Scripts/GunRaycast.cs:25)

(Filename: Assets/Scripts/GunRaycast.cs Line: 34)

Hit: Wall_N
UnityEngine.Debug:ExtractStackTraceNoAlloc (byte*,int,string)
UnityEngine.StackTraceUtility:ExtractStackTrace ()
UnityEngine.DebugLogHandler:Internal_Log (UnityEngine.LogType,UnityEngine.LogOption,string,UnityEngine.Object)
UnityEngine.DebugLogHandler:LogFormat (UnityEngine.LogType,UnityEngine.Object,string,object[])
UnityEngine.Logger:Log (UnityEngine.LogType,object)
UnityEngine.Debug:Log (object)
GunRaycast:Shoot () (at Assets/Scripts/GunRaycast.cs:38)
GunRaycast:Update () (at Assets/Scripts/GunRaycast.cs:25)

(Filename: Assets/Scripts/GunRaycast.cs Line: 38)

Fire! Ammo left: 21
UnityEngine.Debug:ExtractStackTraceNoAlloc (byte*,int,string)
UnityEngine.StackTraceUtility:ExtractStackTrace ()
UnityEngine.DebugLogHandler:Internal_Log (UnityEngine.LogType,UnityEngine.LogOption,string,UnityEngine.Object)
UnityEngine.DebugLogHandler:LogFormat (UnityEngine.LogType,UnityEngine.Object,string,object[])
UnityEngine.Logger:Log (UnityEngine.LogType,object)
UnityEngine.Debug:Log (object)
GunRaycast:Shoot () (at Assets/Scripts/GunRaycast.cs:34)
GunRaycast:Update () (at Assets/Scripts/GunRaycast.cs:25)

(Filename: Assets/Scripts/GunRaycast.cs Line: 34)

Hit: Wall_N
UnityEngine.Debug:ExtractStackTraceNoAlloc (byte*,int,string)
UnityEngine.StackTraceUtility:ExtractStackTrace ()
UnityEngine.DebugLogHandler:Internal_Log (UnityEngine.LogType,UnityEngine.LogOption,string,UnityEngine.Object)
UnityEngine.DebugLogHandler:LogFormat (UnityEngine.LogType,UnityEngine.Object,string,object[])
UnityEngine.Logger:Log (UnityEngine.LogType,object)
UnityEngine.Debug:Log (object)
GunRaycast:Shoot () (at Assets/Scripts/GunRaycast.cs:38)
GunRaycast:Update () (at Assets/Scripts/GunRaycast.cs:25)

(Filename: Assets/Scripts/GunRaycast.cs Line: 38)

Fire! Ammo left: 20
UnityEngine.Debug:ExtractStackTraceNoAlloc (byte*,int,string)
UnityEngine.StackTraceUtility:ExtractStackTrace ()
UnityEngine.DebugLogHandler:Internal_Log (UnityEngine.LogType,UnityEngine.LogOption,string,UnityEngine.Object)
UnityEngine.DebugLogHandler:LogFormat (UnityEngine.LogType,UnityEngine.Object,string,object[])
UnityEngine.Logger:Log (UnityEngine.LogType,object)
UnityEngine.Debug:Log (object)
GunRaycast:Shoot () (at Assets/Scripts/GunRaycast.cs:34)
GunRaycast:Update () (at Assets/Scripts/GunRaycast.cs:25)

(Filename: Assets/Scripts/GunRaycast.cs Line: 34)

Hit: Wall_N
UnityEngine.Debug:ExtractStackTraceNoAlloc (byte*,int,string)
UnityEngine.StackTraceUtility:ExtractStackTrace ()
UnityEngine.DebugLogHandler:Internal_Log (UnityEngine.LogType,UnityEngine.LogOption,string,UnityEngine.Object)
UnityEngine.DebugLogHandler:LogFormat (UnityEngine.LogType,UnityEngine.Object,string,object[])
UnityEngine.Logger:Log (UnityEngine.LogType,object)
UnityEngine.Debug:Log (object)
GunRaycast:Shoot () (at Assets/Scripts/GunRaycast.cs:38)
GunRaycast:Update () (at Assets/Scripts/GunRaycast.cs:25)

(Filename: Assets/Scripts/GunRaycast.cs Line: 38)

Fire! Ammo left: 19
UnityEngine.Debug:ExtractStackTraceNoAlloc (byte*,int,string)
UnityEngine.StackTraceUtility:ExtractStackTrace ()
UnityEngine.DebugLogHandler:Internal_Log (UnityEngine.LogType,UnityEngine.LogOption,string,UnityEngine.Object)
UnityEngine.DebugLogHandler:LogFormat (UnityEngine.LogType,UnityEngine.Object,string,object[])
UnityEngine.Logger:Log (UnityEngine.LogType,object)
UnityEngine.Debug:Log (object)
GunRaycast:Shoot () (at Assets/Scripts/GunRaycast.cs:34)
GunRaycast:Update () (at Assets/Scripts/GunRaycast.cs:25)

(Filename: Assets/Scripts/GunRaycast.cs Line: 34)

Hit: Wall_N
UnityEngine.Debug:ExtractStackTraceNoAlloc (byte*,int,string)
UnityEngine.StackTraceUtility:ExtractStackTrace ()
UnityEngine.DebugLogHandler:Internal_Log (UnityEngine.LogType,UnityEngine.LogOption,string,UnityEngine.Object)
UnityEngine.DebugLogHandler:LogFormat (UnityEngine.LogType,UnityEngine.Object,string,object[])
UnityEngine.Logger:Log (UnityEngine.LogType,object)
UnityEngine.Debug:Log (object)
GunRaycast:Shoot () (at Assets/Scripts/GunRaycast.cs:38)
GunRaycast:Update () (at Assets/Scripts/GunRaycast.cs:25)

(Filename: Assets/Scripts/GunRaycast.cs Line: 38)

