[Licensing::Module] Trying to connect to existing licensing client channel...
[Licensing::IpcConnector] Successfully connected to the License Client on channel: "LicenseClient-HI" at "2026-06-05T04:24:26.9302336Z"
[Licensing::Client] Error: Code 10 while verifying Licensing Client signature (process Id: 38332, path: "C:/Program Files/Unity Hub/UnityLicensingClient_V1/Unity.Licensing.Client.exe")
[Licensing::Module] Error: LicensingClient has failed validation; ignoring
[Licensing::Client] Handshaking with LicensingClient:
  Version:                 1.17.4+4293ba1
  Session Id:              acf62b70142540cc9aaf8894ea4b5812
  Correlation Id:          7e697efd0a74d435ab15d7496400bbb6
  External correlation Id: 2290774426446984584
  Machine Id:              zJkxCFgOG1fAr50eMiEfMwJViiA=
[Licensing::Module] Successfully connected to LicensingClient on channel: "LicenseClient-HI" (connect: 0.00s, validation: 0.01s, handshake: 0.02s)
[Licensing::IpcConnector] Successfully connected to the License Notification on channel: "LicenseClient-HI-notifications" at "2026-06-05T04:24:26.9652361Z"
[Licensing::Module] Error: Access token is unavailable; failed to update
[Licensing::Client] Successfully updated license
Built from '6000.0/release' branch; Version is '6000.0.0f1 (4ff56b3ea44c) revision 5240171'; Using compiler version '193933522'; Build Type 'Release'
OS: 'Windows 11  (10.0.26100) 64bit Professional' Language: 'zh' Physical Memory: 32603 MB
[Licensing::Client] Successfully resolved entitlements
[Licensing::Module] Serial number assigned to: "15669714620836-UnityPersXXXX"
BatchMode: 0, IsHumanControllingUs: 1, StartBugReporterOnCrash: 1, Is64bit: 1, IsPro: 0

COMMAND LINE ARGUMENTS:
D:\UnityEditors\6000.0.0f1\Editor\Unity.exe
-projectPath
D:\Users\HI\Documents\New project\LittleSoldier3D
-logFile
D:\Users\HI\Documents\New project\LittleSoldier3D\unity-phase2-import.log
Successfully changed project path to: D:\Users\HI\Documents\New project\LittleSoldier3D
D:/Users/HI/Documents/New project/LittleSoldier3D
[UnityMemory] Configuration Parameters - Can be set up in boot.config
    "memorysetup-bucket-allocator-granularity=16"
    "memorysetup-bucket-allocator-bucket-count=8"
    "memorysetup-bucket-allocator-block-size=33554432"
    "memorysetup-bucket-allocator-block-count=8"
    "memorysetup-main-allocator-block-size=16777216"
    "memorysetup-thread-allocator-block-size=16777216"
    "memorysetup-gfx-main-allocator-block-size=16777216"
    "memorysetup-gfx-thread-allocator-block-size=16777216"
    "memorysetup-cache-allocator-block-size=4194304"
    "memorysetup-typetree-allocator-block-size=2097152"
    "memorysetup-profiler-bucket-allocator-granularity=16"
    "memorysetup-profiler-bucket-allocator-bucket-count=8"
    "memorysetup-profiler-bucket-allocator-block-size=33554432"
    "memorysetup-profiler-bucket-allocator-block-count=8"
    "memorysetup-profiler-allocator-block-size=16777216"
    "memorysetup-profiler-editor-allocator-block-size=1048576"
    "memorysetup-temp-allocator-size-main=16777216"
    "memorysetup-job-temp-allocator-block-size=2097152"
    "memorysetup-job-temp-allocator-block-size-background=1048576"
    "memorysetup-job-temp-allocator-reduction-small-platforms=262144"
    "memorysetup-allocator-temp-initial-block-size-main=262144"
    "memorysetup-allocator-temp-initial-block-size-worker=262144"
    "memorysetup-temp-allocator-size-background-worker=32768"
    "memorysetup-temp-allocator-size-job-worker=262144"
    "memorysetup-temp-allocator-size-preload-manager=33554432"
    "memorysetup-temp-allocator-size-nav-mesh-worker=65536"
    "memorysetup-temp-allocator-size-audio-worker=65536"
    "memorysetup-temp-allocator-size-cloud-worker=32768"
    "memorysetup-temp-allocator-size-gi-baking-worker=262144"
    "memorysetup-temp-allocator-size-gi-baking-worker=262144"
    "memorysetup-temp-allocator-size-gi-baking-worker=262144"
    "memorysetup-temp-allocator-size-gi-baking-worker=262144"
    "memorysetup-temp-allocator-size-gi-baking-worker=262144"
    "memorysetup-temp-allocator-size-gfx=262144"
Player connection [512]  Target information:

Player connection [512]  * "[IP] 192.168.2.99 [Port] 55504 [Flags] 2 [Guid] 2000024649 [EditorId] 2000024649 [Version] 1048832 [Id] WindowsEditor(7,ÎŇµÄµĄÎ»i2) [Debug] 1 [PackageName] WindowsEditor [ProjectName] Editor" 

Player connection [512] Host joined multi-casting on [225.0.0.222:54997]...
Player connection [512] Host joined alternative multi-casting on [225.0.0.222:34997]...
[Package Manager] Connected to IPC stream "Upm-34448" after 0.2 seconds.
Library Redirect Path: Library/
[Licensing::Client] Successfully resolved entitlements
[Package Manager] Restoring resolved packages state from cache
[Licensing::Client] Successfully resolved entitlement details
[Package Manager] Registered 33 packages:
  Built-in packages:
    com.unity.modules.ai@1.0.0 (location: D:\Users\HI\Documents\New project\LittleSoldier3D\Library\PackageCache\com.unity.modules.ai)
    com.unity.modules.androidjni@1.0.0 (location: D:\Users\HI\Documents\New project\LittleSoldier3D\Library\PackageCache\com.unity.modules.androidjni)
    com.unity.modules.animation@1.0.0 (location: D:\Users\HI\Documents\New project\LittleSoldier3D\Library\PackageCache\com.unity.modules.animation)
    com.unity.modules.assetbundle@1.0.0 (location: D:\Users\HI\Documents\New project\LittleSoldier3D\Library\PackageCache\com.unity.modules.assetbundle)
    com.unity.modules.audio@1.0.0 (location: D:\Users\HI\Documents\New project\LittleSoldier3D\Library\PackageCache\com.unity.modules.audio)
    com.unity.modules.cloth@1.0.0 (location: D:\Users\HI\Documents\New project\LittleSoldier3D\Library\PackageCache\com.unity.modules.cloth)
    com.unity.modules.director@1.0.0 (location: D:\Users\HI\Documents\New project\LittleSoldier3D\Library\PackageCache\com.unity.modules.director)
    com.unity.modules.imageconversion@1.0.0 (location: D:\Users\HI\Documents\New project\LittleSoldier3D\Library\PackageCache\com.unity.modules.imageconversion)
    com.unity.modules.imgui@1.0.0 (location: D:\Users\HI\Documents\New project\LittleSoldier3D\Library\PackageCache\com.unity.modules.imgui)
    com.unity.modules.jsonserialize@1.0.0 (location: D:\Users\HI\Documents\New project\LittleSoldier3D\Library\PackageCache\com.unity.modules.jsonserialize)
    com.unity.modules.particlesystem@1.0.0 (location: D:\Users\HI\Documents\New project\LittleSoldier3D\Library\PackageCache\com.unity.modules.particlesystem)
    com.unity.modules.physics@1.0.0 (location: D:\Users\HI\Documents\New project\LittleSoldier3D\Library\PackageCache\com.unity.modules.physics)
    com.unity.modules.physics2d@1.0.0 (location: D:\Users\HI\Documents\New project\LittleSoldier3D\Library\PackageCache\com.unity.modules.physics2d)
    com.unity.modules.screencapture@1.0.0 (location: D:\Users\HI\Documents\New project\LittleSoldier3D\Library\PackageCache\com.unity.modules.screencapture)
    com.unity.modules.terrain@1.0.0 (location: D:\Users\HI\Documents\New project\LittleSoldier3D\Library\PackageCache\com.unity.modules.terrain)
    com.unity.modules.terrainphysics@1.0.0 (location: D:\Users\HI\Documents\New project\LittleSoldier3D\Library\PackageCache\com.unity.modules.terrainphysics)
    com.unity.modules.tilemap@1.0.0 (location: D:\Users\HI\Documents\New project\LittleSoldier3D\Library\PackageCache\com.unity.modules.tilemap)
    com.unity.modules.ui@1.0.0 (location: D:\Users\HI\Documents\New project\LittleSoldier3D\Library\PackageCache\com.unity.modules.ui)
    com.unity.modules.uielements@1.0.0 (location: D:\Users\HI\Documents\New project\LittleSoldier3D\Library\PackageCache\com.unity.modules.uielements)
    com.unity.modules.umbra@1.0.0 (location: D:\Users\HI\Documents\New project\LittleSoldier3D\Library\PackageCache\com.unity.modules.umbra)
    com.unity.modules.unityanalytics@1.0.0 (location: D:\Users\HI\Documents\New project\LittleSoldier3D\Library\PackageCache\com.unity.modules.unityanalytics)
    com.unity.modules.unitywebrequest@1.0.0 (location: D:\Users\HI\Documents\New project\LittleSoldier3D\Library\PackageCache\com.unity.modules.unitywebrequest)
    com.unity.modules.unitywebrequestassetbundle@1.0.0 (location: D:\Users\HI\Documents\New project\LittleSoldier3D\Library\PackageCache\com.unity.modules.unitywebrequestassetbundle)
    com.unity.modules.unitywebrequestaudio@1.0.0 (location: D:\Users\HI\Documents\New project\LittleSoldier3D\Library\PackageCache\com.unity.modules.unitywebrequestaudio)
    com.unity.modules.unitywebrequesttexture@1.0.0 (location: D:\Users\HI\Documents\New project\LittleSoldier3D\Library\PackageCache\com.unity.modules.unitywebrequesttexture)
    com.unity.modules.unitywebrequestwww@1.0.0 (location: D:\Users\HI\Documents\New project\LittleSoldier3D\Library\PackageCache\com.unity.modules.unitywebrequestwww)
    com.unity.modules.vehicles@1.0.0 (location: D:\Users\HI\Documents\New project\LittleSoldier3D\Library\PackageCache\com.unity.modules.vehicles)
    com.unity.modules.video@1.0.0 (location: D:\Users\HI\Documents\New project\LittleSoldier3D\Library\PackageCache\com.unity.modules.video)
    com.unity.modules.vr@1.0.0 (location: D:\Users\HI\Documents\New project\LittleSoldier3D\Library\PackageCache\com.unity.modules.vr)
    com.unity.modules.wind@1.0.0 (location: D:\Users\HI\Documents\New project\LittleSoldier3D\Library\PackageCache\com.unity.modules.wind)
    com.unity.modules.xr@1.0.0 (location: D:\Users\HI\Documents\New project\LittleSoldier3D\Library\PackageCache\com.unity.modules.xr)
    com.unity.modules.subsystems@1.0.0 (location: D:\Users\HI\Documents\New project\LittleSoldier3D\Library\PackageCache\com.unity.modules.subsystems)
    com.unity.modules.hierarchycore@1.0.0 (location: D:\Users\HI\Documents\New project\LittleSoldier3D\Library\PackageCache\com.unity.modules.hierarchycore)
[PhysX] Initialized MultithreadedTaskDispatcher with 24 workers.
[Subsystems] No new subsystems found in resolved package list.
Package Manager log level set to [2]
[Package Manager] Done registering packages in 0.06 seconds
Refreshing native plugins compatible for Editor in 0.00 ms, found 0 plugins.
Preloading 0 native plugins for Editor in 0.00 ms.
Initialize engine version: 6000.0.0f1 (4ff56b3ea44c)
[Subsystems] Discovering subsystems at path D:/UnityEditors/6000.0.0f1/Editor/Data/Resources/UnitySubsystems
[Subsystems] Discovering subsystems at path D:/Users/HI/Documents/New project/LittleSoldier3D/Assets
kGfxThreadingModeSplitJobs is not supported on Direct3D 11. Reverting to kGfxThreadingModeThreaded instead.
GfxDevice: creating device client; kGfxThreadingModeThreaded
Direct3D:
    Version:  Direct3D 11.0 [level 11.1]
    Renderer: NVIDIA GeForce RTX 3060 (ID=0x2504)
    Vendor:   NVIDIA
    VRAM:     12115 MB
    Driver:   32.0.15.8097
[Licensing::Client] Successfully resolved entitlements
Initialize mono
Mono path[0] = 'D:/UnityEditors/6000.0.0f1/Editor/Data/Managed'
Mono path[1] = 'D:/UnityEditors/6000.0.0f1/Editor/Data/MonoBleedingEdge/lib/mono/unityjit-win32'
Mono config path = 'D:/UnityEditors/6000.0.0f1/Editor/Data/MonoBleedingEdge/etc'
Using monoOptions --debugger-agent=transport=dt_socket,embedding=1,server=y,suspend=n,address=127.0.0.1:56448
Using cacheserver namespaces - metadata:defaultmetadata, artifacts:defaultartifacts
Using cacheserver namespaces - metadata:defaultmetadata, artifacts:defaultartifacts
ImportWorker Server TCP listen port: 0
AcceleratorClientConnectionCallback - disconnected - :0
Begin MonoManager ReloadAssembly
Registering precompiled unity dll's ...
Register platform support module: D:/UnityEditors/6000.0.0f1/Editor/Data/PlaybackEngines/WindowsStandaloneSupport/UnityEditor.WindowsStandalone.Extensions.dll
Registered in 0.001012 seconds.
- Loaded All Assemblies, in  0.238 seconds
Native extension for WindowsStandalone target not found
Mono: successfully reloaded assembly
- Finished resetting the current domain, in  0.260 seconds
Domain Reload Profiling: 498ms
	BeginReloadAssembly (81ms)
		ExecutionOrderSort (0ms)
		DisableScriptedObjects (0ms)
		BackupInstance (0ms)
		ReleaseScriptingObjects (0ms)
		CreateAndSetChildDomain (0ms)
	RebuildCommonClasses (23ms)
	RebuildNativeTypeToScriptingClass (7ms)
	initialDomainReloadingComplete (30ms)
	LoadAllAssembliesAndSetupDomain (96ms)
		LoadAssemblies (80ms)
		RebuildTransferFunctionScriptingTraits (0ms)
		AnalyzeDomain (95ms)
			TypeCache.Refresh (93ms)
				TypeCache.ScanAssembly (85ms)
			BuildScriptInfoCaches (0ms)
			ResolveRequiredComponents (0ms)
	FinalizeReload (260ms)
		ReleaseScriptCaches (0ms)
		RebuildScriptCaches (0ms)
		SetupLoadedEditorAssemblies (225ms)
			LogAssemblyErrors (0ms)
			InitializePlatformSupportModulesInManaged (12ms)
			SetLoadedEditorAssemblies (3ms)
			BeforeProcessingInitializeOnLoad (3ms)
			ProcessInitializeOnLoadAttributes (100ms)
			ProcessInitializeOnLoadMethodAttributes (108ms)
			AfterProcessingInitializeOnLoad (0ms)
			EditorAssembliesLoaded (0ms)
		ExecutionOrderSort2 (0ms)
		AwakeInstancesAfterBackupRestoration (0ms)
[Licensing::Client] Successfully resolved entitlements
Application.AssetDatabase Initial Refresh Start
[ScriptCompilation] Requested script compilation because: Assetdatabase observed changes in script compilation related files
Starting: D:\UnityEditors\6000.0.0f1\Editor\Data\bee_backend.exe --dont-print-to-structured-log --ipc --defer-dag-verification --dagfile="Library/Bee/1900b0aE.dag" --continue-on-failure --profile="Library/Bee/backend1.traceevents" ScriptAssemblies
WorkingDir: D:/Users/HI/Documents/New project/LittleSoldier3D
ExitCode: 0 Duration: 0s164ms
[132/135    0s] Csc Library/Bee/artifacts/1900b0aE.dag/Assembly-CSharp-Editor.dll (+2 others)
[133/135    0s] CopyFiles Library/ScriptAssemblies/Assembly-CSharp-Editor.pdb
[134/135    0s] CopyFiles Library/ScriptAssemblies/Assembly-CSharp-Editor.dll
*** Tundra build success (0.14 seconds), 3 items updated, 135 evaluated
AssetDatabase: script compilation time: 0.435274s
Begin MonoManager ReloadAssembly
- Loaded All Assemblies, in  0.328 seconds
Refreshing native plugins compatible for Editor in 0.00 ms, found 0 plugins.
Native extension for WindowsStandalone target not found
Mono: successfully reloaded assembly
- Finished resetting the current domain, in  0.371 seconds
Domain Reload Profiling: 700ms
	BeginReloadAssembly (237ms)
		ExecutionOrderSort (0ms)
		DisableScriptedObjects (8ms)
		BackupInstance (0ms)
		ReleaseScriptingObjects (0ms)
		CreateAndSetChildDomain (22ms)
	RebuildCommonClasses (23ms)
	RebuildNativeTypeToScriptingClass (8ms)
	initialDomainReloadingComplete (12ms)
	LoadAllAssembliesAndSetupDomain (49ms)
		LoadAssemblies (105ms)
		RebuildTransferFunctionScriptingTraits (0ms)
		AnalyzeDomain (5ms)
			TypeCache.Refresh (3ms)
				TypeCache.ScanAssembly (0ms)
			BuildScriptInfoCaches (0ms)
			ResolveRequiredComponents (0ms)
	FinalizeReload (372ms)
		ReleaseScriptCaches (0ms)
		RebuildScriptCaches (0ms)
		SetupLoadedEditorAssemblies (217ms)
			LogAssemblyErrors (0ms)
			InitializePlatformSupportModulesInManaged (8ms)
			SetLoadedEditorAssemblies (2ms)
			BeforeProcessingInitializeOnLoad (21ms)
			ProcessInitializeOnLoadAttributes (96ms)
			ProcessInitializeOnLoadMethodAttributes (88ms)
			AfterProcessingInitializeOnLoad (1ms)
			EditorAssembliesLoaded (0ms)
		ExecutionOrderSort2 (0ms)
		AwakeInstancesAfterBackupRestoration (8ms)
Refreshing native plugins compatible for Editor in 0.00 ms, found 0 plugins.
Preloading 0 native plugins for Editor in 0.00 ms.
Asset Pipeline Refresh (id=08e00753cfd4b0d4ebb998644d4f0fac): Total: 1.240 seconds - Initiated by InitialRefreshV2(ForceSynchronousImport)
	Summary:
		Imports: total=0 (actual=0, local cache=0, cache server=0)
		Asset DB Process Time: managed=0 ms, native=428 ms
		Asset DB Callback time: managed=39 ms, native=1 ms
		Scripting: domain reloads=1, domain reload time=331 ms, compile time=437 ms, other=1 ms
		Project Asset Count: scripts=89, non-scripts=34
		Asset File Changes: new=0, changed=1, moved=0, deleted=0
		Scan Filter Count: 0
	InvokeCustomDependenciesCallbacks: 0.001ms
	InvokePackagesCallback: 0.870ms
	ApplyChangesToAssetFolders: 0.195ms
	Scan: 31.891ms
	OnSourceAssetsModified: 0.691ms
	CategorizeAssetsWithTransientArtifact: 0.106ms
	ProcessAssetsWithTransientArtifactChanges: 0.513ms
	CategorizeAssets: 0.646ms
	ImportOutOfDateAssets: 373.098ms (-64.792ms without children)
		CompileScripts: 436.854ms
		ReloadNativeAssets: 0.000ms
		UnloadImportedAssets: 0.842ms
		EnsureUptoDateAssetsAreRegisteredWithGuidPM: 0.017ms
		InitializingProgressBar: 0.000ms
		PostProcessAllAssetNotificationsAddChangedAssets: 0.000ms
		OnDemandSchedulerStart: 0.176ms
	PostProcessAllAssets: 39.930ms
	Hotreload: 0.698ms
	GatherAllCurrentPrimaryArtifactRevisions: 0.000ms
	UnloadStreamsBegin: 0.199ms
	PersistCurrentRevisions: 0.003ms
	UnloadStreamsEnd: 0.001ms
	GenerateScriptTypeHashes: 0.004ms
	Untracked: 791.046ms

Application.AssetDatabase Initial Refresh End
Launched and connected shader compiler UnityShaderCompiler.exe after 0.01 seconds
Scanning for USB devices : 1.894ms
Initializing Unity extensions:
[Licensing::Client] Successfully resolved entitlements
[MODES] ModeService[none].Initialize
[MODES] ModeService[none].LoadModes
[MODES] Loading mode Default (0) for mode-current-id-LittleSoldier3D
Unloading 3 Unused Serialized files (Serialized files now loaded: 0)
Unloading 27 unused Assets / (456.8 KB). Loaded Objects now: 662.
Memory consumption went from 135.2 MB to 134.8 MB.
Total: 4.217400 ms (FindLiveObjects: 0.030800 ms CreateObjectMapping: 0.003600 ms MarkObjects: 4.018400 ms  DeleteObjects: 0.164100 ms)

[LAYOUT] About to load UserSettings\Layouts\default-6000.dwlt, keepMainWindow=False
<RI> Initialized touch support.
<RI> Initialized touch support.
<RI> Initialized touch support.
<RI> Initialized touch support.
<RI> Initialized touch support.
<RI> Initialized touch support.
[PhysX] Initialized MultithreadedTaskDispatcher with 24 workers.
[LAYOUT] About to save layout D:\Users\HI\Documents\New project\LittleSoldier3D\UserSettings\Layouts\default-6000.dwlt
[LAYOUT] About to save layout C:/Users/HI/AppData/Roaming/Unity/Editor-5.x/Preferences\Layouts\current\default-6000.dwlt
[MODES] ModeService[default].InitializeCurrentMode
[MODES] ModeService[default].RaiseModeChanged(default, default)
IsTimeToCheckForNewEditor: Update time 1780633271 current 1780633470
<RI> Initializing input.
<RI> Input initialized.
[Project] Loading completed in 4.007 seconds
	Project init time: 				2.625 seconds
		Template init time: 		0.000 seconds
		Package Manager init time: 		0.229 seconds
		Asset Database init time: 		0.131 seconds
		Global illumination init time: 	0.002 seconds
		Assemblies load time: 			0.501 seconds
		Unity extensions init time: 	0.000 seconds
		Asset Database refresh time: 	1.241 seconds
	Scene opening time: 			0.513 seconds
##utp:{"type":"ProjectInfo","version":2,"phase":"Immediate","time":1780633470920,"processId":34448,"projectLoad":4.0070445,"projectInit":2.6249876,"templateInit":0.0,"packageManagerInit":0.2287213,"assetDatabaseInit":0.1305532,"globalIlluminationInit":0.0018315,"assembliesLoad":0.5007973,"unityExtensionsInit":0.0003047,"assetDatabaseRefresh":1.241002,"sceneOpening":0.5128113}
##utp:{"type":"EditorInfo","version":2,"phase":"Immediate","time":1780633470920,"processId":34448,"editorVersion":"6000.0.0f1 (4ff56b3ea44c)","branch":"6000.0/release","buildType":"Release","platform":"Windows"}
Asset Pipeline Refresh (id=bc2b9839b66e6d948af2b5495cd5cc9d): Total: 0.019 seconds - Initiated by RefreshV2(AllowForceSynchronousImport)
Created GICache directory at C:/Users/HI/AppData/LocalLow/Unity/Caches/GiCache. Took: 0.005s, timestamps: [4.536 - 4.542]
[Licensing::Client] Successfully updated the access token
[Licensing::Module] Successfully updated access token: "l7pXlyO4"... (expires: 2027-06-05T04:24:32Z)
EditorUpdateCheck: Failed The requested URL returned error: 404
TrimDiskCacheJob: Current cache size 0mb
Asset Pipeline Refresh (id=51141ea64c5b3904dba8aeec7e16c37b): Total: 0.001 seconds - Initiated by RefreshV2(AllowForceSynchronousImport)
Asset Pipeline Refresh (id=93ae4dcc9e82466468ff95711994f201): Total: 0.001 seconds - Initiated by RefreshV2(AllowForceSynchronousImport)
Asset Pipeline Refresh (id=88e1735155bfc7b448dde87843174b24): Total: 0.003 seconds - Initiated by RefreshV2(AllowForceSynchronousImport)
