[Licensing::Module] Trying to connect to existing licensing client channel...
[Licensing::IpcConnector] Connection attempt to the License Client on channel: "LicenseClient-HI" failed because channel doesn't exist; code: "0x80000002"
[Licensing::Module] Successfully launched the LicensingClient (PId: 37612)
[Licensing::IpcConnector] Successfully connected to the License Client on channel: "LicenseClient-HI" at "2026-06-06T02:27:05.7129455Z"
[Licensing::Client] Error: Code 10 while verifying Licensing Client signature (process Id: 37612, path: "D:/UnityEditors/6000.0.0f1/Editor/Data/Resources/Licensing/Client/Unity.Licensing.Client.exe")
[Licensing::Module] Error: LicensingClient has failed validation; ignoring
[Licensing::Client] Handshaking with LicensingClient:
  Version:                 1.15.4+eee609c
  Session Id:              92bbfece1e0b44b99014eaaf678c5f0b
  Correlation Id:          20252298ae3c58000bbcab09f98be424
  External correlation Id: 8762613495867821773
  Machine Id:              zJkxCFgOG1fAr50eMiEfMwJViiA=
[Licensing::Module] Successfully connected to LicensingClient on channel: "LicenseClient-HI" (connect: 2.33s, validation: 0.14s, handshake: 0.50s)
[Licensing::IpcConnector] Successfully connected to the License Notification on channel: "LicenseClient-HI-notifications" at "2026-06-06T02:27:06.3576462Z"
[Licensing::Module] Connected to LicensingClient (PId: 37612, launch time: 0.05, total connection time: 2.97s)
[Licensing::Module] Error: Access token is unavailable; failed to update
[Licensing::Client] Error: Code 500 while processing request (status: Unable to update licenses. Errors: No ULF license found.,Token not found in cache)
[Licensing::Client] Error: Code 500 while updating license in client (status: Unable to update licenses. Errors: No ULF license found.,Token not found in cache)
Built from '6000.0/release' branch; Version is '6000.0.0f1 (4ff56b3ea44c) revision 5240171'; Using compiler version '193933522'; Build Type 'Release'
OS: 'Windows 11  (10.0.26100) 64bit Professional' Language: 'zh' Physical Memory: 32603 MB
[Licensing::Client] Successfully resolved entitlements
[Licensing::Module] Serial number assigned to: "15669714620836-UnityPersXXXX"
BatchMode: 1, IsHumanControllingUs: 0, StartBugReporterOnCrash: 0, Is64bit: 1, IsPro: 0

COMMAND LINE ARGUMENTS:
D:\UnityEditors\6000.0.0f1\Editor\Unity.exe
-batchmode
-nographics
-projectPath
D:\Users\HI\Documents\New project\LittleSoldier3D
-executeMethod
EffectCorrectionBuilder.Apply
-quit
-logFile
D:\Users\HI\Documents\New project\LittleSoldier3D\unity-polish-apply.log
Successfully changed project path to: D:\Users\HI\Documents\New project\LittleSoldier3D
D:/Users/HI/Documents/New project/LittleSoldier3D
[UnityMemory] Configuration Parameters - Can be set up in boot.config
    "memorysetup-bucket-allocator-granularity=16"
    "memorysetup-bucket-allocator-bucket-count=8"
    "memorysetup-bucket-allocator-block-size=33554432"
    "memorysetup-bucket-allocator-block-count=8"
    "memorysetup-main-allocator-block-size=16777216"
    "memorysetup-thread-allocator-block-size=16777216"
    "memorysetup-gfx-main-allocator-block-size=16777216"
    "memorysetup-gfx-thread-allocator-block-size=16777216"
    "memorysetup-cache-allocator-block-size=4194304"
    "memorysetup-typetree-allocator-block-size=2097152"
    "memorysetup-profiler-bucket-allocator-granularity=16"
    "memorysetup-profiler-bucket-allocator-bucket-count=8"
    "memorysetup-profiler-bucket-allocator-block-size=33554432"
    "memorysetup-profiler-bucket-allocator-block-count=8"
    "memorysetup-profiler-allocator-block-size=16777216"
    "memorysetup-profiler-editor-allocator-block-size=1048576"
    "memorysetup-temp-allocator-size-main=16777216"
    "memorysetup-job-temp-allocator-block-size=2097152"
    "memorysetup-job-temp-allocator-block-size-background=1048576"
    "memorysetup-job-temp-allocator-reduction-small-platforms=262144"
    "memorysetup-allocator-temp-initial-block-size-main=262144"
    "memorysetup-allocator-temp-initial-block-size-worker=262144"
    "memorysetup-temp-allocator-size-background-worker=32768"
    "memorysetup-temp-allocator-size-job-worker=262144"
    "memorysetup-temp-allocator-size-preload-manager=33554432"
    "memorysetup-temp-allocator-size-nav-mesh-worker=65536"
    "memorysetup-temp-allocator-size-audio-worker=65536"
    "memorysetup-temp-allocator-size-cloud-worker=32768"
    "memorysetup-temp-allocator-size-gi-baking-worker=262144"
    "memorysetup-temp-allocator-size-gi-baking-worker=262144"
    "memorysetup-temp-allocator-size-gi-baking-worker=262144"
    "memorysetup-temp-allocator-size-gi-baking-worker=262144"
    "memorysetup-temp-allocator-size-gi-baking-worker=262144"
    "memorysetup-temp-allocator-size-gfx=262144"
Player connection [3732]  Target information:

Player connection [3732]  * "[IP] 192.168.2.99 [Port] 55504 [Flags] 2 [Guid] 2727074625 [EditorId] 2727074625 [Version] 1048832 [Id] WindowsEditor(7,ÎŇµÄµĄÎ»i2) [Debug] 1 [PackageName] WindowsEditor [ProjectName] Editor" 

Player connection [3732] Host joined multi-casting on [225.0.0.222:54997]...
Player connection [3732] Host joined alternative multi-casting on [225.0.0.222:34997]...
[Package Manager] Connected to IPC stream "Upm-23476" after 0.4 seconds.
Library Redirect Path: Library/
[Licensing::Client] Successfully resolved entitlements
[Package Manager] Restoring resolved packages state from cache
[Licensing::Client] Successfully resolved entitlement details
[Package Manager] Registered 33 packages:
  Built-in packages:
    com.unity.modules.ai@1.0.0 (location: D:\Users\HI\Documents\New project\LittleSoldier3D\Library\PackageCache\com.unity.modules.ai)
    com.unity.modules.androidjni@1.0.0 (location: D:\Users\HI\Documents\New project\LittleSoldier3D\Library\PackageCache\com.unity.modules.androidjni)
    com.unity.modules.animation@1.0.0 (location: D:\Users\HI\Documents\New project\LittleSoldier3D\Library\PackageCache\com.unity.modules.animation)
    com.unity.modules.assetbundle@1.0.0 (location: D:\Users\HI\Documents\New project\LittleSoldier3D\Library\PackageCache\com.unity.modules.assetbundle)
    com.unity.modules.audio@1.0.0 (location: D:\Users\HI\Documents\New project\LittleSoldier3D\Library\PackageCache\com.unity.modules.audio)
    com.unity.modules.cloth@1.0.0 (location: D:\Users\HI\Documents\New project\LittleSoldier3D\Library\PackageCache\com.unity.modules.cloth)
    com.unity.modules.director@1.0.0 (location: D:\Users\HI\Documents\New project\LittleSoldier3D\Library\PackageCache\com.unity.modules.director)
    com.unity.modules.imageconversion@1.0.0 (location: D:\Users\HI\Documents\New project\LittleSoldier3D\Library\PackageCache\com.unity.modules.imageconversion)
    com.unity.modules.imgui@1.0.0 (location: D:\Users\HI\Documents\New project\LittleSoldier3D\Library\PackageCache\com.unity.modules.imgui)
    com.unity.modules.jsonserialize@1.0.0 (location: D:\Users\HI\Documents\New project\LittleSoldier3D\Library\PackageCache\com.unity.modules.jsonserialize)
    com.unity.modules.particlesystem@1.0.0 (location: D:\Users\HI\Documents\New project\LittleSoldier3D\Library\PackageCache\com.unity.modules.particlesystem)
    com.unity.modules.physics@1.0.0 (location: D:\Users\HI\Documents\New project\LittleSoldier3D\Library\PackageCache\com.unity.modules.physics)
    com.unity.modules.physics2d@1.0.0 (location: D:\Users\HI\Documents\New project\LittleSoldier3D\Library\PackageCache\com.unity.modules.physics2d)
    com.unity.modules.screencapture@1.0.0 (location: D:\Users\HI\Documents\New project\LittleSoldier3D\Library\PackageCache\com.unity.modules.screencapture)
    com.unity.modules.terrain@1.0.0 (location: D:\Users\HI\Documents\New project\LittleSoldier3D\Library\PackageCache\com.unity.modules.terrain)
    com.unity.modules.terrainphysics@1.0.0 (location: D:\Users\HI\Documents\New project\LittleSoldier3D\Library\PackageCache\com.unity.modules.terrainphysics)
    com.unity.modules.tilemap@1.0.0 (location: D:\Users\HI\Documents\New project\LittleSoldier3D\Library\PackageCache\com.unity.modules.tilemap)
    com.unity.modules.ui@1.0.0 (location: D:\Users\HI\Documents\New project\LittleSoldier3D\Library\PackageCache\com.unity.modules.ui)
    com.unity.modules.uielements@1.0.0 (location: D:\Users\HI\Documents\New project\LittleSoldier3D\Library\PackageCache\com.unity.modules.uielements)
    com.unity.modules.umbra@1.0.0 (location: D:\Users\HI\Documents\New project\LittleSoldier3D\Library\PackageCache\com.unity.modules.umbra)
    com.unity.modules.unityanalytics@1.0.0 (location: D:\Users\HI\Documents\New project\LittleSoldier3D\Library\PackageCache\com.unity.modules.unityanalytics)
    com.unity.modules.unitywebrequest@1.0.0 (location: D:\Users\HI\Documents\New project\LittleSoldier3D\Library\PackageCache\com.unity.modules.unitywebrequest)
    com.unity.modules.unitywebrequestassetbundle@1.0.0 (location: D:\Users\HI\Documents\New project\LittleSoldier3D\Library\PackageCache\com.unity.modules.unitywebrequestassetbundle)
    com.unity.modules.unitywebrequestaudio@1.0.0 (location: D:\Users\HI\Documents\New project\LittleSoldier3D\Library\PackageCache\com.unity.modules.unitywebrequestaudio)
    com.unity.modules.unitywebrequesttexture@1.0.0 (location: D:\Users\HI\Documents\New project\LittleSoldier3D\Library\PackageCache\com.unity.modules.unitywebrequesttexture)
    com.unity.modules.unitywebrequestwww@1.0.0 (location: D:\Users\HI\Documents\New project\LittleSoldier3D\Library\PackageCache\com.unity.modules.unitywebrequestwww)
    com.unity.modules.vehicles@1.0.0 (location: D:\Users\HI\Documents\New project\LittleSoldier3D\Library\PackageCache\com.unity.modules.vehicles)
    com.unity.modules.video@1.0.0 (location: D:\Users\HI\Documents\New project\LittleSoldier3D\Library\PackageCache\com.unity.modules.video)
    com.unity.modules.vr@1.0.0 (location: D:\Users\HI\Documents\New project\LittleSoldier3D\Library\PackageCache\com.unity.modules.vr)
    com.unity.modules.wind@1.0.0 (location: D:\Users\HI\Documents\New project\LittleSoldier3D\Library\PackageCache\com.unity.modules.wind)
    com.unity.modules.xr@1.0.0 (location: D:\Users\HI\Documents\New project\LittleSoldier3D\Library\PackageCache\com.unity.modules.xr)
    com.unity.modules.subsystems@1.0.0 (location: D:\Users\HI\Documents\New project\LittleSoldier3D\Library\PackageCache\com.unity.modules.subsystems)
    com.unity.modules.hierarchycore@1.0.0 (location: D:\Users\HI\Documents\New project\LittleSoldier3D\Library\PackageCache\com.unity.modules.hierarchycore)
[PhysX] Initialized MultithreadedTaskDispatcher with 24 workers.
[Subsystems] No new subsystems found in resolved package list.
Package Manager log level set to [2]
[Package Manager] Done registering packages in 0.20 seconds
Refreshing native plugins compatible for Editor in 0.00 ms, found 0 plugins.
Preloading 0 native plugins for Editor in 0.00 ms.
Initialize engine version: 6000.0.0f1 (4ff56b3ea44c)
[Subsystems] Discovering subsystems at path D:/UnityEditors/6000.0.0f1/Editor/Data/Resources/UnitySubsystems
[Subsystems] Discovering subsystems at path D:/Users/HI/Documents/New project/LittleSoldier3D/Assets
Forcing GfxDevice: Null
GfxDevice: creating device client; kGfxThreadingModeNonThreaded
NullGfxDevice:
    Version:  NULL 1.0 [1.0]
    Renderer: Null Device
    Vendor:   Unity Technologies
[Licensing::Client] Successfully resolved entitlements
Initialize mono
Mono path[0] = 'D:/UnityEditors/6000.0.0f1/Editor/Data/Managed'
Mono path[1] = 'D:/UnityEditors/6000.0.0f1/Editor/Data/MonoBleedingEdge/lib/mono/unityjit-win32'
Mono config path = 'D:/UnityEditors/6000.0.0f1/Editor/Data/MonoBleedingEdge/etc'
Using monoOptions --debugger-agent=transport=dt_socket,embedding=1,server=y,suspend=n,address=127.0.0.1:56476
Using cacheserver namespaces - metadata:defaultmetadata, artifacts:defaultartifacts
Using cacheserver namespaces - metadata:defaultmetadata, artifacts:defaultartifacts
ImportWorker Server TCP listen port: 0
AcceleratorClientConnectionCallback - disconnected - :0
Begin MonoManager ReloadAssembly
Registering precompiled unity dll's ...
Register platform support module: D:/UnityEditors/6000.0.0f1/Editor/Data/PlaybackEngines/WindowsStandaloneSupport/UnityEditor.WindowsStandalone.Extensions.dll
Registered in 0.216877 seconds.
- Loaded All Assemblies, in  8.110 seconds
Native extension for WindowsStandalone target not found
Mono: successfully reloaded assembly
- Finished resetting the current domain, in  0.268 seconds
Domain Reload Profiling: 8378ms
	BeginReloadAssembly (6637ms)
		ExecutionOrderSort (0ms)
		DisableScriptedObjects (0ms)
		BackupInstance (0ms)
		ReleaseScriptingObjects (0ms)
		CreateAndSetChildDomain (1ms)
	RebuildCommonClasses (400ms)
	RebuildNativeTypeToScriptingClass (7ms)
	initialDomainReloadingComplete (248ms)
	LoadAllAssembliesAndSetupDomain (817ms)
		LoadAssemblies (6636ms)
		RebuildTransferFunctionScriptingTraits (0ms)
		AnalyzeDomain (815ms)
			TypeCache.Refresh (813ms)
				TypeCache.ScanAssembly (567ms)
			BuildScriptInfoCaches (0ms)
			ResolveRequiredComponents (1ms)
	FinalizeReload (268ms)
		ReleaseScriptCaches (0ms)
		RebuildScriptCaches (0ms)
		SetupLoadedEditorAssemblies (234ms)
			LogAssemblyErrors (0ms)
			InitializePlatformSupportModulesInManaged (12ms)
			SetLoadedEditorAssemblies (3ms)
			BeforeProcessingInitializeOnLoad (5ms)
			ProcessInitializeOnLoadAttributes (104ms)
			ProcessInitializeOnLoadMethodAttributes (111ms)
			AfterProcessingInitializeOnLoad (0ms)
			EditorAssembliesLoaded (0ms)
		ExecutionOrderSort2 (0ms)
		AwakeInstancesAfterBackupRestoration (0ms)
[Licensing::Client] Successfully resolved entitlements
Application.AssetDatabase Initial Refresh Start
[ScriptCompilation] Requested script compilation because: Assetdatabase observed changes in script compilation related files
Starting: D:\UnityEditors\6000.0.0f1\Editor\Data\bee_backend.exe --dont-print-to-structured-log --ipc --defer-dag-verification --dagfile="Library/Bee/1900b0aE.dag" --continue-on-failure --profile="Library/Bee/backend1.traceevents" ScriptAssemblies
WorkingDir: D:/Users/HI/Documents/New project/LittleSoldier3D
DisplayProgressbar: Compiling Scripts
ExitCode: 4 Duration: 4s84ms
Rebuilding DAG because FileSignature timestamp changed: Library/Bee/1900b0aE-inputdata.json
[129/135    3s] Csc Library/Bee/artifacts/1900b0aE.dag/Assembly-CSharp.dll (+2 others)
Assets\Scripts\WeaponView.cs(227,18): warning CS0108: 'WeaponView.DestroyObject(Object)' hides inherited member 'Object.DestroyObject(Object)'. Use the new keyword if hiding was intended.
*** Tundra requires additional run (4.02 seconds), 1 items updated, 128 evaluated
Starting: D:\UnityEditors\6000.0.0f1\Editor\Data\Tools\netcorerun\netcorerun.exe "D:\UnityEditors\6000.0.0f1\Editor\Data\Tools\BuildPipeline\ScriptCompilationBuildProgram.exe" "Library/Bee/1900b0aE.dag.json" "Library/Bee/1900b0aE-inputdata.json" "Library\Bee\buildprogram0.traceevents"
WorkingDir: D:/Users/HI/Documents/New project/LittleSoldier3D
ExitCode: 0 Duration: 1s668ms
Starting: D:\UnityEditors\6000.0.0f1\Editor\Data\bee_backend.exe --dont-print-to-structured-log --ipc --defer-dag-verification --dagfile="Library/Bee/1900b0aE.dag" --continue-on-failure --dagfilejson="Library\Bee\1900b0aE.dag.json" --profile="Library/Bee/backend2.traceevents" ScriptAssemblies
WorkingDir: D:/Users/HI/Documents/New project/LittleSoldier3D
ExitCode: 0 Duration: 1s967ms
Finished compiling graph: 138 nodes, 518 flattened edges (508 ToBuild, 4 ToUse), maximum node priority 18
[127/135    0s] WriteText Library/Bee/artifacts/1900b0aE.dag/Assembly-CSharp.rsp
[128/135    0s] WriteText Library/Bee/artifacts/1900b0aE.dag/Assembly-CSharp-Editor.rsp
[129/135    0s] Csc Library/Bee/artifacts/1900b0aE.dag/Assembly-CSharp.dll (+2 others)
Assets\Scripts\WeaponView.cs(227,18): warning CS0108: 'WeaponView.DestroyObject(Object)' hides inherited member 'Object.DestroyObject(Object)'. Use the new keyword if hiding was intended.
[130/135    0s] CopyFiles Library/ScriptAssemblies/Assembly-CSharp.pdb
[131/135    0s] CopyFiles Library/ScriptAssemblies/Assembly-CSharp.dll
[132/135    1s] Csc Library/Bee/artifacts/1900b0aE.dag/Assembly-CSharp-Editor.dll (+2 others)
Assets\Editor\NavMeshBuilderTool.cs(24,9): warning CS0618: 'NavMeshBuilder' is obsolete: 'UnityEditor NavMeshBuilder has been deprecated. Use UnityEngine.AI.NavMeshBuilder instead.'

Assets\Editor\NavMeshBuilderTool.cs(25,9): warning CS0618: 'NavMeshBuilder' is obsolete: 'UnityEditor NavMeshBuilder has been deprecated. Use UnityEngine.AI.NavMeshBuilder instead.'

Assets\Editor\NavMeshBuilderTool.cs(92,60): warning CS0618: 'StaticEditorFlags.NavigationStatic' is obsolete: 'Enum member StaticEditorFlags.NavigationStatic has been deprecated. The precise selection of the objects is now done using NavMeshBuilder.CollectSources() and NavMeshBuildMarkup.'
[133/135    0s] CopyFiles Library/ScriptAssemblies/Assembly-CSharp-Editor.pdb
[134/135    0s] CopyFiles Library/ScriptAssemblies/Assembly-CSharp-Editor.dll
*** Tundra build success (1.95 seconds), 8 items updated, 135 evaluated
Assets\Scripts\WeaponView.cs(227,18): warning CS0108: 'WeaponView.DestroyObject(Object)' hides inherited member 'Object.DestroyObject(Object)'. Use the new keyword if hiding was intended.
Assets\Editor\NavMeshBuilderTool.cs(24,9): warning CS0618: 'NavMeshBuilder' is obsolete: 'UnityEditor NavMeshBuilder has been deprecated. Use UnityEngine.AI.NavMeshBuilder instead.'
Assets\Editor\NavMeshBuilderTool.cs(25,9): warning CS0618: 'NavMeshBuilder' is obsolete: 'UnityEditor NavMeshBuilder has been deprecated. Use UnityEngine.AI.NavMeshBuilder instead.'
Assets\Editor\NavMeshBuilderTool.cs(92,60): warning CS0618: 'StaticEditorFlags.NavigationStatic' is obsolete: 'Enum member StaticEditorFlags.NavigationStatic has been deprecated. The precise selection of the objects is now done using NavMeshBuilder.CollectSources() and NavMeshBuildMarkup.'
AssetDatabase: script compilation time: 10.035433s
Begin MonoManager ReloadAssembly
- Loaded All Assemblies, in  0.644 seconds
Refreshing native plugins compatible for Editor in 0.00 ms, found 0 plugins.
Native extension for WindowsStandalone target not found
Mono: successfully reloaded assembly
- Finished resetting the current domain, in  0.347 seconds
Domain Reload Profiling: 991ms
	BeginReloadAssembly (456ms)
		ExecutionOrderSort (0ms)
		DisableScriptedObjects (8ms)
		BackupInstance (0ms)
		ReleaseScriptingObjects (0ms)
		CreateAndSetChildDomain (22ms)
	RebuildCommonClasses (23ms)
	RebuildNativeTypeToScriptingClass (8ms)
	initialDomainReloadingComplete (13ms)
	LoadAllAssembliesAndSetupDomain (144ms)
		LoadAssemblies (204ms)
		RebuildTransferFunctionScriptingTraits (0ms)
		AnalyzeDomain (5ms)
			TypeCache.Refresh (3ms)
				TypeCache.ScanAssembly (0ms)
			BuildScriptInfoCaches (1ms)
			ResolveRequiredComponents (0ms)
	FinalizeReload (348ms)
		ReleaseScriptCaches (0ms)
		RebuildScriptCaches (0ms)
		SetupLoadedEditorAssemblies (205ms)
			LogAssemblyErrors (0ms)
			InitializePlatformSupportModulesInManaged (8ms)
			SetLoadedEditorAssemblies (2ms)
			BeforeProcessingInitializeOnLoad (20ms)
			ProcessInitializeOnLoadAttributes (85ms)
			ProcessInitializeOnLoadMethodAttributes (89ms)
			AfterProcessingInitializeOnLoad (1ms)
			EditorAssembliesLoaded (0ms)
		ExecutionOrderSort2 (0ms)
		AwakeInstancesAfterBackupRestoration (8ms)
Refreshing native plugins compatible for Editor in 0.00 ms, found 0 plugins.
Preloading 0 native plugins for Editor in 0.00 ms.
Asset Pipeline Refresh (id=7b7f294e4163c3b4a89f2822d8e36683): Total: 11.153 seconds - Initiated by InitialRefreshV2(ForceSynchronousImport)
	Summary:
		Imports: total=0 (actual=0, local cache=0, cache server=0)
		Asset DB Process Time: managed=0 ms, native=422 ms
		Asset DB Callback time: managed=42 ms, native=3 ms
		Scripting: domain reloads=1, domain reload time=645 ms, compile time=10037 ms, other=1 ms
		Project Asset Count: scripts=91, non-scripts=37
		Asset File Changes: new=2, changed=7, moved=0, deleted=1
		Scan Filter Count: 0
	InvokeCustomDependenciesCallbacks: 0.001ms
	InvokePackagesCallback: 1.035ms
	ApplyChangesToAssetFolders: 0.212ms
	Scan: 45.095ms
	OnSourceAssetsModified: 0.548ms
	CategorizeAssetsWithTransientArtifact: 0.224ms
	ProcessAssetsWithTransientArtifactChanges: 2.015ms
	UnregisterDeletedAssets: 0.002ms
	CategorizeAssets: 0.783ms
	ImportOutOfDateAssets: 349.812ms (-9688.020ms without children)
		CompileScripts: 10036.871ms
		ReloadNativeAssets: 0.000ms
		UnloadImportedAssets: 0.833ms
		EnsureUptoDateAssetsAreRegisteredWithGuidPM: 0.017ms
		PostProcessAllAssetNotificationsAddChangedAssets: 0.001ms
		OnDemandSchedulerStart: 0.111ms
	PostProcessAllAssets: 43.581ms
	Hotreload: 1.910ms
	GatherAllCurrentPrimaryArtifactRevisions: 0.001ms
	UnloadStreamsBegin: 0.193ms
	PersistCurrentRevisions: 0.004ms
	UnloadStreamsEnd: 0.001ms
	GenerateScriptTypeHashes: 0.004ms
	Untracked: 10707.935ms

Application.AssetDatabase Initial Refresh End
Scanning for USB devices : 6.061ms
Initializing Unity extensions:
[Licensing::Client] Successfully resolved entitlements
[MODES] ModeService[none].Initialize
[MODES] ModeService[none].LoadModes
[MODES] Loading mode Default (0) for mode-current-id-LittleSoldier3D
Unloading 3 Unused Serialized files (Serialized files now loaded: 0)
Unloading 39 unused Assets / (457.0 KB). Loaded Objects now: 667.
Memory consumption went from 102.5 MB to 102.0 MB.
Total: 4.545400 ms (FindLiveObjects: 0.030800 ms CreateObjectMapping: 0.004900 ms MarkObjects: 4.360100 ms  DeleteObjects: 0.148700 ms)

Launched and connected shader compiler UnityShaderCompiler.exe after 0.03 seconds
Cancelling FileDialog: Save Scene
UnityEngine.Debug:ExtractStackTraceNoAlloc (byte*,int,string)
UnityEngine.StackTraceUtility:ExtractStackTrace ()
EffectCorrectionBuilder:Apply () (at Assets/Editor/EffectCorrectionBuilder.cs:18)

[Assets/Editor/EffectCorrectionBuilder.cs line 18]

Gameplay polish applied: balance, pickups, feedback, cleanup, and scene visuals updated.
UnityEngine.Debug:ExtractStackTraceNoAlloc (byte*,int,string)
UnityEngine.StackTraceUtility:ExtractStackTrace ()
UnityEngine.DebugLogHandler:Internal_Log (UnityEngine.LogType,UnityEngine.LogOption,string,UnityEngine.Object)
UnityEngine.DebugLogHandler:LogFormat (UnityEngine.LogType,UnityEngine.Object,string,object[])
UnityEngine.Logger:Log (UnityEngine.LogType,object)
UnityEngine.Debug:Log (object)
EffectCorrectionBuilder:Apply () (at Assets/Editor/EffectCorrectionBuilder.cs:19)

(Filename: Assets/Editor/EffectCorrectionBuilder.cs Line: 19)

Batchmode quit successfully invoked - shutting down!
Curl error 42: Callback aborted
[Licensing::IpcConnector] License Notification channel disconnected successfully.
[Licensing::IpcConnector] License Client channel disconnected successfully.
AcceleratorClientConnectionCallback - disconnected - :0
Cleanup mono
Exiting batchmode successfully now!
Exiting without the bug reporter. Application will terminate with return code 0